{"D:\\Evolware\\New folder\\konkantrip-frontend\\src\\app\\App.jsx": {"path":"D:\\Evolware\\New folder\\konkantrip-frontend\\src\\app\\App.jsx","statementMap":{"0":{"start":{"line":2,"column":2},"end":{"line":17,"column":null}}},"fnMap":{"0":{"name":"App","decl":{"start":{"line":1,"column":9},"end":{"line":1,"column":15}},"loc":{"start":{"line":1,"column":15},"end":{"line":19,"column":null}},"line":1}},"branchMap":{},"s":{"0":0},"f":{"0":0},"b":{},"meta":{"lastBranch":0,"lastFunction":1,"lastStatement":1,"seen":{"f:1:9:1:15":0,"s:2:2:17:Infinity":0},"fnNames":{}}}
,"D:\\Evolware\\New folder\\konkantrip-frontend\\src\\app\\providers.jsx": {"path":"D:\\Evolware\\New folder\\konkantrip-frontend\\src\\app\\providers.jsx","statementMap":{"0":{"start":{"line":8,"column":2},"end":{"line":11,"column":null}}},"fnMap":{"0":{"name":"AppProviders","decl":{"start":{"line":7,"column":9},"end":{"line":7,"column":24}},"loc":{"start":{"line":7,"column":24},"end":{"line":13,"column":null}},"line":7}},"branchMap":{},"s":{"0":0},"f":{"0":0},"b":{},"meta":{"lastBranch":0,"lastFunction":1,"lastStatement":1,"seen":{"f:7:9:7:24":0,"s:8:2:11:Infinity":0},"fnNames":{}}}
,"D:\\Evolware\\New folder\\konkantrip-frontend\\src\\app\\queryClient.js": {"path":"D:\\Evolware\\New folder\\konkantrip-frontend\\src\\app\\queryClient.js","statementMap":{"0":{"start":{"line":3,"column":20},"end":{"line":15,"column":null}}},"fnMap":{},"branchMap":{},"s":{"0":0},"f":{},"b":{},"meta":{"lastBranch":0,"lastFunction":0,"lastStatement":1,"seen":{"s:3:20:15:Infinity":0},"fnNames":{}}}
,"D:\\Evolware\\New folder\\konkantrip-frontend\\src\\app\\router.jsx": {"path":"D:\\Evolware\\New folder\\konkantrip-frontend\\src\\app\\router.jsx","statementMap":{"0":{"start":{"line":28,"column":15},"end":{"line":113,"column":null}}},"fnMap":{},"branchMap":{},"s":{"0":0},"f":{},"b":{},"meta":{"lastBranch":0,"lastFunction":0,"lastStatement":1,"seen":{"s:28:15:113:Infinity":0},"fnNames":{}}}
,"D:\\Evolware\\New folder\\konkantrip-frontend\\src\\components\\ui\\Button\\Button.jsx": {"path":"D:\\Evolware\\New folder\\konkantrip-frontend\\src\\components\\ui\\Button\\Button.jsx","statementMap":{"0":{"start":{"line":12,"column":4},"end":{"line":12,"column":null}},"1":{"start":{"line":14,"column":19},"end":{"line":20,"column":null}},"2":{"start":{"line":22,"column":16},"end":{"line":26,"column":null}},"3":{"start":{"line":28,"column":18},"end":{"line":36,"column":null}},"4":{"start":{"line":38,"column":2},"end":{"line":46,"column":null}}},"fnMap":{"0":{"name":"Button","decl":{"start":{"line":1,"column":9},"end":{"line":1,"column":16}},"loc":{"start":{"line":10,"column":3},"end":{"line":48,"column":null}},"line":10}},"branchMap":{"0":{"loc":{"start":{"line":3,"column":2},"end":{"line":3,"column":null}},"type":"default-arg","locations":[{"start":{"line":3,"column":9},"end":{"line":3,"column":null}}],"line":3},"1":{"loc":{"start":{"line":4,"column":2},"end":{"line":4,"column":null}},"type":"default-arg","locations":[{"start":{"line":4,"column":12},"end":{"line":4,"column":null}}],"line":4},"2":{"loc":{"start":{"line":5,"column":2},"end":{"line":5,"column":null}},"type":"default-arg","locations":[{"start":{"line":5,"column":9},"end":{"line":5,"column":null}}],"line":5},"3":{"loc":{"start":{"line":6,"column":2},"end":{"line":6,"column":null}},"type":"default-arg","locations":[{"start":{"line":6,"column":14},"end":{"line":6,"column":null}}],"line":6},"4":{"loc":{"start":{"line":7,"column":2},"end":{"line":7,"column":null}},"type":"default-arg","locations":[{"start":{"line":7,"column":13},"end":{"line":7,"column":null}}],"line":7},"5":{"loc":{"start":{"line":8,"column":2},"end":{"line":8,"column":null}},"type":"default-arg","locations":[{"start":{"line":8,"column":14},"end":{"line":8,"column":null}}],"line":8},"6":{"loc":{"start":{"line":30,"column":4},"end":{"line":30,"column":null}},"type":"binary-expr","locations":[{"start":{"line":30,"column":4},"end":{"line":30,"column":25}},{"start":{"line":30,"column":25},"end":{"line":30,"column":null}}],"line":30},"7":{"loc":{"start":{"line":31,"column":4},"end":{"line":31,"column":null}},"type":"binary-expr","locations":[{"start":{"line":31,"column":4},"end":{"line":31,"column":19}},{"start":{"line":31,"column":19},"end":{"line":31,"column":null}}],"line":31},"8":{"loc":{"start":{"line":32,"column":4},"end":{"line":32,"column":null}},"type":"cond-expr","locations":[{"start":{"line":32,"column":16},"end":{"line":32,"column":27}},{"start":{"line":32,"column":27},"end":{"line":32,"column":null}}],"line":32}},"s":{"0":19,"1":19,"2":19,"3":19,"4":19},"f":{"0":19},"b":{"0":[19],"1":[19],"2":[19],"3":[19],"4":[19],"5":[19],"6":[19,0],"7":[19,0],"8":[19,0]},"meta":{"lastBranch":9,"lastFunction":1,"lastStatement":5,"seen":{"f:1:9:1:16":0,"b:3:9:3:Infinity":0,"b:4:12:4:Infinity":1,"b:5:9:5:Infinity":2,"b:6:14:6:Infinity":3,"b:7:13:7:Infinity":4,"b:8:14:8:Infinity":5,"s:12:4:12:Infinity":0,"s:14:19:20:Infinity":1,"s:22:16:26:Infinity":2,"s:28:18:36:Infinity":3,"b:30:4:30:25:30:25:30:Infinity":6,"b:31:4:31:19:31:19:31:Infinity":7,"b:32:16:32:27:32:27:32:Infinity":8,"s:38:2:46:Infinity":4},"fnNames":{}}}
,"D:\\Evolware\\New folder\\konkantrip-frontend\\src\\components\\ui\\Input\\Input.jsx": {"path":"D:\\Evolware\\New folder\\konkantrip-frontend\\src\\components\\ui\\Input\\Input.jsx","statementMap":{"0":{"start":{"line":9,"column":23},"end":{"line":19,"column":null}},"1":{"start":{"line":21,"column":2},"end":{"line":58,"column":null}}},"fnMap":{"0":{"name":"Input","decl":{"start":{"line":1,"column":9},"end":{"line":1,"column":15}},"loc":{"start":{"line":8,"column":3},"end":{"line":60,"column":null}},"line":8}},"branchMap":{"0":{"loc":{"start":{"line":5,"column":2},"end":{"line":5,"column":null}},"type":"default-arg","locations":[{"start":{"line":5,"column":13},"end":{"line":5,"column":null}}],"line":5},"1":{"loc":{"start":{"line":6,"column":2},"end":{"line":6,"column":null}},"type":"default-arg","locations":[{"start":{"line":6,"column":14},"end":{"line":6,"column":null}}],"line":6},"2":{"loc":{"start":{"line":13,"column":4},"end":{"line":15,"column":null}},"type":"cond-expr","locations":[{"start":{"line":14,"column":8},"end":{"line":14,"column":null}},{"start":{"line":15,"column":8},"end":{"line":15,"column":null}}],"line":13},"3":{"loc":{"start":{"line":23,"column":7},"end":{"line":38,"column":null}},"type":"binary-expr","locations":[{"start":{"line":23,"column":7},"end":{"line":23,"column":null}},{"start":{"line":24,"column":8},"end":{"line":38,"column":null}}],"line":23},"4":{"loc":{"start":{"line":30,"column":11},"end":{"line":38,"column":null}},"type":"binary-expr","locations":[{"start":{"line":30,"column":11},"end":{"line":30,"column":null}},{"start":{"line":31,"column":12},"end":{"line":38,"column":null}}],"line":30},"5":{"loc":{"start":{"line":45,"column":26},"end":{"line":45,"column":null}},"type":"cond-expr","locations":[{"start":{"line":45,"column":34},"end":{"line":45,"column":50}},{"start":{"line":45,"column":50},"end":{"line":45,"column":null}}],"line":45},"6":{"loc":{"start":{"line":49,"column":7},"end":{"line":56,"column":null}},"type":"binary-expr","locations":[{"start":{"line":49,"column":7},"end":{"line":49,"column":null}},{"start":{"line":50,"column":8},"end":{"line":56,"column":null}}],"line":49}},"s":{"0":63,"1":63},"f":{"0":63},"b":{"0":[63],"1":[63],"2":[7,56],"3":[63,63],"4":[63,63],"5":[7,56],"6":[63,7]},"meta":{"lastBranch":7,"lastFunction":1,"lastStatement":2,"seen":{"f:1:9:1:15":0,"b:5:13:5:Infinity":0,"b:6:14:6:Infinity":1,"s:9:23:19:Infinity":0,"b:14:8:14:Infinity:15:8:15:Infinity":2,"s:21:2:58:Infinity":1,"b:23:7:23:Infinity:24:8:38:Infinity":3,"b:30:11:30:Infinity:31:12:38:Infinity":4,"b:45:34:45:50:45:50:45:Infinity":5,"b:49:7:49:Infinity:50:8:56:Infinity":6},"fnNames":{}}}
,"D:\\Evolware\\New folder\\konkantrip-frontend\\src\\constants\\app.constants.js": {"path":"D:\\Evolware\\New folder\\konkantrip-frontend\\src\\constants\\app.constants.js","statementMap":{"0":{"start":{"line":1,"column":24},"end":{"line":1,"column":null}},"1":{"start":{"line":3,"column":31},"end":{"line":3,"column":null}},"2":{"start":{"line":5,"column":27},"end":{"line":5,"column":null}}},"fnMap":{},"branchMap":{},"s":{"0":0,"1":0,"2":0},"f":{},"b":{},"meta":{"lastBranch":0,"lastFunction":0,"lastStatement":3,"seen":{"s:1:24:1:Infinity":0,"s:3:31:3:Infinity":1,"s:5:27:5:Infinity":2},"fnNames":{}}}
,"D:\\Evolware\\New folder\\konkantrip-frontend\\src\\constants\\queryKeys.js": {"path":"D:\\Evolware\\New folder\\konkantrip-frontend\\src\\constants\\queryKeys.js","statementMap":{"0":{"start":{"line":1,"column":26},"end":{"line":11,"column":null}},"1":{"start":{"line":8,"column":23},"end":{"line":8,"column":null}},"2":{"start":{"line":9,"column":28},"end":{"line":9,"column":null}}},"fnMap":{"0":{"name":"(anonymous_0)","decl":{"start":{"line":8,"column":4},"end":{"line":8,"column":11}},"loc":{"start":{"line":8,"column":23},"end":{"line":8,"column":null}},"line":8},"1":{"name":"(anonymous_1)","decl":{"start":{"line":9,"column":4},"end":{"line":9,"column":13}},"loc":{"start":{"line":9,"column":28},"end":{"line":9,"column":null}},"line":9}},"branchMap":{},"s":{"0":0,"1":0,"2":0},"f":{"0":0,"1":0},"b":{},"meta":{"lastBranch":0,"lastFunction":2,"lastStatement":3,"seen":{"s:1:26:11:Infinity":0,"f:8:4:8:11":0,"s:8:23:8:Infinity":1,"f:9:4:9:13":1,"s:9:28:9:Infinity":2},"fnNames":{}}}
,"D:\\Evolware\\New folder\\konkantrip-frontend\\src\\constants\\routes.js": {"path":"D:\\Evolware\\New folder\\konkantrip-frontend\\src\\constants\\routes.js","statementMap":{"0":{"start":{"line":1,"column":22},"end":{"line":17,"column":null}}},"fnMap":{},"branchMap":{},"s":{"0":3},"f":{},"b":{},"meta":{"lastBranch":0,"lastFunction":0,"lastStatement":1,"seen":{"s:1:22:17:Infinity":0},"fnNames":{}}}
,"D:\\Evolware\\New folder\\konkantrip-frontend\\src\\features\\auth\\api\\auth.api.js": {"path":"D:\\Evolware\\New folder\\konkantrip-frontend\\src\\features\\auth\\api\\auth.api.js","statementMap":{"0":{"start":{"line":4,"column":29},"end":{"line":11,"column":null}},"1":{"start":{"line":5,"column":19},"end":{"line":8,"column":null}},"2":{"start":{"line":10,"column":2},"end":{"line":10,"column":null}},"3":{"start":{"line":13,"column":26},"end":{"line":20,"column":null}},"4":{"start":{"line":14,"column":19},"end":{"line":17,"column":null}},"5":{"start":{"line":19,"column":2},"end":{"line":19,"column":null}}},"fnMap":{"0":{"name":"(anonymous_0)","decl":{"start":{"line":4,"column":29},"end":{"line":4,"column":36}},"loc":{"start":{"line":4,"column":48},"end":{"line":11,"column":null}},"line":4},"1":{"name":"(anonymous_1)","decl":{"start":{"line":13,"column":26},"end":{"line":13,"column":33}},"loc":{"start":{"line":13,"column":45},"end":{"line":20,"column":null}},"line":13}},"branchMap":{},"s":{"0":0,"1":0,"2":0,"3":0,"4":0,"5":0},"f":{"0":0,"1":0},"b":{},"meta":{"lastBranch":0,"lastFunction":2,"lastStatement":6,"seen":{"s:4:29:11:Infinity":0,"f:4:29:4:36":0,"s:5:19:8:Infinity":1,"s:10:2:10:Infinity":2,"s:13:26:20:Infinity":3,"f:13:26:13:33":1,"s:14:19:17:Infinity":4,"s:19:2:19:Infinity":5},"fnNames":{}}}
,"D:\\Evolware\\New folder\\konkantrip-frontend\\src\\features\\auth\\components\\ProtectedRoute.jsx": {"path":"D:\\Evolware\\New folder\\konkantrip-frontend\\src\\features\\auth\\components\\ProtectedRoute.jsx","statementMap":{"0":{"start":{"line":6,"column":19},"end":{"line":6,"column":31}},"1":{"start":{"line":8,"column":16},"end":{"line":8,"column":null}},"2":{"start":{"line":10,"column":2},"end":{"line":18,"column":null}},"3":{"start":{"line":11,"column":4},"end":{"line":16,"column":null}},"4":{"start":{"line":20,"column":2},"end":{"line":20,"column":null}}},"fnMap":{"0":{"name":"ProtectedRoute","decl":{"start":{"line":5,"column":9},"end":{"line":5,"column":26}},"loc":{"start":{"line":5,"column":26},"end":{"line":21,"column":null}},"line":5}},"branchMap":{"0":{"loc":{"start":{"line":10,"column":2},"end":{"line":18,"column":null}},"type":"if","locations":[{"start":{"line":10,"column":2},"end":{"line":18,"column":null}},{"start":{},"end":{}}],"line":10}},"s":{"0":2,"1":2,"2":2,"3":1,"4":1},"f":{"0":2},"b":{"0":[1,1]},"meta":{"lastBranch":1,"lastFunction":1,"lastStatement":5,"seen":{"f:5:9:5:26":0,"s:6:19:6:31":0,"s:8:16:8:Infinity":1,"b:10:2:18:Infinity:undefined:undefined:undefined:undefined":0,"s:10:2:18:Infinity":2,"s:11:4:16:Infinity":3,"s:20:2:20:Infinity":4},"fnNames":{}}}
,"D:\\Evolware\\New folder\\konkantrip-frontend\\src\\features\\auth\\hooks\\useAuth.js": {"path":"D:\\Evolware\\New folder\\konkantrip-frontend\\src\\features\\auth\\hooks\\useAuth.js","statementMap":{"0":{"start":{"line":6,"column":13},"end":{"line":24,"column":null}},"1":{"start":{"line":7,"column":28},"end":{"line":9,"column":null}},"2":{"start":{"line":8,"column":4},"end":{"line":8,"column":null}},"3":{"start":{"line":11,"column":26},"end":{"line":11,"column":null}},"4":{"start":{"line":13,"column":17},"end":{"line":17,"column":null}},"5":{"start":{"line":14,"column":4},"end":{"line":14,"column":null}},"6":{"start":{"line":15,"column":4},"end":{"line":15,"column":null}},"7":{"start":{"line":16,"column":4},"end":{"line":16,"column":null}},"8":{"start":{"line":19,"column":2},"end":{"line":23,"column":null}}},"fnMap":{"0":{"name":"(anonymous_0)","decl":{"start":{"line":6,"column":13},"end":{"line":6,"column":29}},"loc":{"start":{"line":6,"column":29},"end":{"line":24,"column":null}},"line":6},"1":{"name":"(anonymous_1)","decl":{"start":{"line":7,"column":28},"end":{"line":7,"column":43}},"loc":{"start":{"line":7,"column":43},"end":{"line":9,"column":3}},"line":7},"2":{"name":"(anonymous_2)","decl":{"start":{"line":13,"column":17},"end":{"line":13,"column":35}},"loc":{"start":{"line":13,"column":35},"end":{"line":17,"column":5}},"line":13}},"branchMap":{},"s":{"0":1,"1":4,"2":3,"3":4,"4":4,"5":1,"6":1,"7":1,"8":4},"f":{"0":4,"1":3,"2":1},"b":{},"meta":{"lastBranch":0,"lastFunction":3,"lastStatement":9,"seen":{"s:6:13:24:Infinity":0,"f:6:13:6:29":0,"s:7:28:9:Infinity":1,"f:7:28:7:43":1,"s:8:4:8:Infinity":2,"s:11:26:11:Infinity":3,"s:13:17:17:Infinity":4,"f:13:17:13:35":2,"s:14:4:14:Infinity":5,"s:15:4:15:Infinity":6,"s:16:4:16:Infinity":7,"s:19:2:23:Infinity":8},"fnNames":{}}}
,"D:\\Evolware\\New folder\\konkantrip-frontend\\src\\features\\auth\\hooks\\useLogin.js": {"path":"D:\\Evolware\\New folder\\konkantrip-frontend\\src\\features\\auth\\hooks\\useLogin.js","statementMap":{"0":{"start":{"line":5,"column":13},"end":{"line":9,"column":null}},"1":{"start":{"line":6,"column":2},"end":{"line":8,"column":null}}},"fnMap":{"0":{"name":"(anonymous_0)","decl":{"start":{"line":5,"column":13},"end":{"line":5,"column":30}},"loc":{"start":{"line":5,"column":30},"end":{"line":9,"column":null}},"line":5}},"branchMap":{},"s":{"0":1,"1":14},"f":{"0":14},"b":{},"meta":{"lastBranch":0,"lastFunction":1,"lastStatement":2,"seen":{"s:5:13:9:Infinity":0,"f:5:13:5:30":0,"s:6:2:8:Infinity":1},"fnNames":{}}}
,"D:\\Evolware\\New folder\\konkantrip-frontend\\src\\features\\auth\\hooks\\useRegister.js": {"path":"D:\\Evolware\\New folder\\konkantrip-frontend\\src\\features\\auth\\hooks\\useRegister.js","statementMap":{"0":{"start":{"line":5,"column":13},"end":{"line":9,"column":null}},"1":{"start":{"line":6,"column":2},"end":{"line":8,"column":null}}},"fnMap":{"0":{"name":"(anonymous_0)","decl":{"start":{"line":5,"column":13},"end":{"line":5,"column":33}},"loc":{"start":{"line":5,"column":33},"end":{"line":9,"column":null}},"line":5}},"branchMap":{},"s":{"0":1,"1":9},"f":{"0":9},"b":{},"meta":{"lastBranch":0,"lastFunction":1,"lastStatement":2,"seen":{"s:5:13:9:Infinity":0,"f:5:13:5:33":0,"s:6:2:8:Infinity":1},"fnNames":{}}}
,"D:\\Evolware\\New folder\\konkantrip-frontend\\src\\features\\auth\\pages\\LoginPage.jsx": {"path":"D:\\Evolware\\New folder\\konkantrip-frontend\\src\\features\\auth\\pages\\LoginPage.jsx","statementMap":{"0":{"start":{"line":16,"column":19},"end":{"line":16,"column":31}},"1":{"start":{"line":18,"column":40},"end":{"line":18,"column":null}},"2":{"start":{"line":20,"column":21},"end":{"line":20,"column":null}},"3":{"start":{"line":26,"column":6},"end":{"line":33,"column":null}},"4":{"start":{"line":35,"column":24},"end":{"line":35,"column":33}},"5":{"start":{"line":37,"column":8},"end":{"line":76,"column":null}},"6":{"start":{"line":38,"column":4},"end":{"line":38,"column":null}},"7":{"start":{"line":40,"column":4},"end":{"line":75,"column":null}},"8":{"start":{"line":42,"column":8},"end":{"line":47,"column":null}},"9":{"start":{"line":43,"column":10},"end":{"line":45,"column":null}},"10":{"start":{"line":46,"column":10},"end":{"line":46,"column":null}},"11":{"start":{"line":50,"column":8},"end":{"line":54,"column":null}},"12":{"start":{"line":51,"column":10},"end":{"line":51,"column":null}},"13":{"start":{"line":53,"column":10},"end":{"line":53,"column":null}},"14":{"start":{"line":57,"column":8},"end":{"line":57,"column":null}},"15":{"start":{"line":60,"column":8},"end":{"line":60,"column":null}},"16":{"start":{"line":63,"column":8},"end":{"line":65,"column":null}},"17":{"start":{"line":70,"column":10},"end":{"line":71,"column":null}},"18":{"start":{"line":73,"column":8},"end":{"line":73,"column":null}},"19":{"start":{"line":78,"column":2},"end":{"line":173,"column":null}}},"fnMap":{"0":{"name":"LoginPage","decl":{"start":{"line":15,"column":9},"end":{"line":15,"column":21}},"loc":{"start":{"line":15,"column":21},"end":{"line":175,"column":null}},"line":15},"1":{"name":"(anonymous_1)","decl":{"start":{"line":37,"column":8},"end":{"line":37,"column":20}},"loc":{"start":{"line":37,"column":33},"end":{"line":76,"column":null}},"line":37},"2":{"name":"(anonymous_2)","decl":{"start":{"line":41,"column":6},"end":{"line":41,"column":18}},"loc":{"start":{"line":41,"column":27},"end":{"line":66,"column":null}},"line":41},"3":{"name":"(anonymous_3)","decl":{"start":{"line":68,"column":6},"end":{"line":68,"column":16}},"loc":{"start":{"line":68,"column":26},"end":{"line":74,"column":null}},"line":68}},"branchMap":{"0":{"loc":{"start":{"line":20,"column":21},"end":{"line":20,"column":null}},"type":"cond-expr","locations":[{"start":{"line":20,"column":53},"end":{"line":20,"column":108}},{"start":{"line":20,"column":108},"end":{"line":20,"column":null}}],"line":20},"1":{"loc":{"start":{"line":20,"column":53},"end":{"line":20,"column":108}},"type":"binary-expr","locations":[{"start":{"line":20,"column":53},"end":{"line":20,"column":103}},{"start":{"line":20,"column":103},"end":{"line":20,"column":108}}],"line":20},"2":{"loc":{"start":{"line":42,"column":8},"end":{"line":47,"column":null}},"type":"if","locations":[{"start":{"line":42,"column":8},"end":{"line":47,"column":null}},{"start":{},"end":{}}],"line":42},"3":{"loc":{"start":{"line":42,"column":12},"end":{"line":42,"column":41}},"type":"binary-expr","locations":[{"start":{"line":42,"column":12},"end":{"line":42,"column":28}},{"start":{"line":42,"column":28},"end":{"line":42,"column":41}}],"line":42},"4":{"loc":{"start":{"line":50,"column":8},"end":{"line":54,"column":null}},"type":"if","locations":[{"start":{"line":50,"column":8},"end":{"line":54,"column":null}},{"start":{"line":52,"column":15},"end":{"line":54,"column":null}}],"line":50},"5":{"loc":{"start":{"line":70,"column":10},"end":{"line":71,"column":null}},"type":"binary-expr","locations":[{"start":{"line":70,"column":10},"end":{"line":70,"column":null}},{"start":{"line":71,"column":10},"end":{"line":71,"column":null}}],"line":70},"6":{"loc":{"start":{"line":97,"column":9},"end":{"line":103,"column":null}},"type":"binary-expr","locations":[{"start":{"line":97,"column":9},"end":{"line":97,"column":null}},{"start":{"line":98,"column":10},"end":{"line":103,"column":null}}],"line":97},"7":{"loc":{"start":{"line":153,"column":13},"end":{"line":155,"column":null}},"type":"cond-expr","locations":[{"start":{"line":154,"column":16},"end":{"line":154,"column":null}},{"start":{"line":155,"column":16},"end":{"line":155,"column":null}}],"line":153}},"s":{"0":14,"1":14,"2":14,"3":14,"4":14,"5":14,"6":2,"7":2,"8":1,"9":0,"10":0,"11":1,"12":0,"13":1,"14":1,"15":1,"16":1,"17":1,"18":1,"19":14},"f":{"0":14,"1":2,"2":1,"3":1},"b":{"0":[14,0],"1":[14,14],"2":[0,1],"3":[1,1],"4":[0,1],"5":[1,0],"6":[14,2],"7":[0,14]},"meta":{"lastBranch":8,"lastFunction":4,"lastStatement":20,"seen":{"f:15:9:15:21":0,"s:16:19:16:31":0,"s:18:40:18:Infinity":1,"s:20:21:20:Infinity":2,"b:20:53:20:108:20:108:20:Infinity":0,"b:20:53:20:103:20:103:20:108":1,"s:26:6:33:Infinity":3,"s:35:24:35:33":4,"s:37:8:76:Infinity":5,"f:37:8:37:20":1,"s:38:4:38:Infinity":6,"s:40:4:75:Infinity":7,"f:41:6:41:18":2,"b:42:8:47:Infinity:undefined:undefined:undefined:undefined":2,"s:42:8:47:Infinity":8,"b:42:12:42:28:42:28:42:41":3,"s:43:10:45:Infinity":9,"s:46:10:46:Infinity":10,"b:50:8:54:Infinity:52:15:54:Infinity":4,"s:50:8:54:Infinity":11,"s:51:10:51:Infinity":12,"s:53:10:53:Infinity":13,"s:57:8:57:Infinity":14,"s:60:8:60:Infinity":15,"s:63:8:65:Infinity":16,"f:68:6:68:16":3,"s:70:10:71:Infinity":17,"b:70:10:70:Infinity:71:10:71:Infinity":5,"s:73:8:73:Infinity":18,"s:78:2:173:Infinity":19,"b:97:9:97:Infinity:98:10:103:Infinity":6,"b:154:16:154:Infinity:155:16:155:Infinity":7},"fnNames":{}}}
,"D:\\Evolware\\New folder\\konkantrip-frontend\\src\\features\\auth\\pages\\RegisterPage.jsx": {"path":"D:\\Evolware\\New folder\\konkantrip-frontend\\src\\features\\auth\\pages\\RegisterPage.jsx","statementMap":{"0":{"start":{"line":13,"column":40},"end":{"line":13,"column":null}},"1":{"start":{"line":14,"column":46},"end":{"line":14,"column":null}},"2":{"start":{"line":21,"column":6},"end":{"line":30,"column":null}},"3":{"start":{"line":32,"column":27},"end":{"line":32,"column":39}},"4":{"start":{"line":34,"column":8},"end":{"line":55,"column":null}},"5":{"start":{"line":35,"column":4},"end":{"line":35,"column":null}},"6":{"start":{"line":36,"column":4},"end":{"line":36,"column":null}},"7":{"start":{"line":38,"column":4},"end":{"line":54,"column":null}},"8":{"start":{"line":40,"column":8},"end":{"line":42,"column":null}},"9":{"start":{"line":44,"column":8},"end":{"line":44,"column":null}},"10":{"start":{"line":49,"column":10},"end":{"line":50,"column":null}},"11":{"start":{"line":52,"column":8},"end":{"line":52,"column":null}},"12":{"start":{"line":57,"column":2},"end":{"line":195,"column":null}}},"fnMap":{"0":{"name":"RegisterPage","decl":{"start":{"line":12,"column":9},"end":{"line":12,"column":24}},"loc":{"start":{"line":12,"column":24},"end":{"line":197,"column":null}},"line":12},"1":{"name":"(anonymous_1)","decl":{"start":{"line":34,"column":8},"end":{"line":34,"column":20}},"loc":{"start":{"line":34,"column":33},"end":{"line":55,"column":null}},"line":34},"2":{"name":"(anonymous_2)","decl":{"start":{"line":39,"column":6},"end":{"line":39,"column":18}},"loc":{"start":{"line":39,"column":27},"end":{"line":45,"column":null}},"line":39},"3":{"name":"(anonymous_3)","decl":{"start":{"line":47,"column":6},"end":{"line":47,"column":16}},"loc":{"start":{"line":47,"column":26},"end":{"line":53,"column":null}},"line":47}},"branchMap":{"0":{"loc":{"start":{"line":41,"column":10},"end":{"line":41,"column":null}},"type":"binary-expr","locations":[{"start":{"line":41,"column":10},"end":{"line":41,"column":27}},{"start":{"line":41,"column":27},"end":{"line":41,"column":null}}],"line":41},"1":{"loc":{"start":{"line":49,"column":10},"end":{"line":50,"column":null}},"type":"binary-expr","locations":[{"start":{"line":49,"column":10},"end":{"line":49,"column":null}},{"start":{"line":50,"column":10},"end":{"line":50,"column":null}}],"line":49},"2":{"loc":{"start":{"line":76,"column":9},"end":{"line":82,"column":null}},"type":"binary-expr","locations":[{"start":{"line":76,"column":9},"end":{"line":76,"column":null}},{"start":{"line":77,"column":10},"end":{"line":82,"column":null}}],"line":76},"3":{"loc":{"start":{"line":86,"column":9},"end":{"line":101,"column":null}},"type":"binary-expr","locations":[{"start":{"line":86,"column":9},"end":{"line":86,"column":null}},{"start":{"line":87,"column":10},"end":{"line":101,"column":null}}],"line":86},"4":{"loc":{"start":{"line":175,"column":13},"end":{"line":177,"column":null}},"type":"cond-expr","locations":[{"start":{"line":176,"column":16},"end":{"line":176,"column":null}},{"start":{"line":177,"column":16},"end":{"line":177,"column":null}}],"line":175}},"s":{"0":9,"1":9,"2":9,"3":9,"4":9,"5":1,"6":1,"7":1,"8":1,"9":1,"10":0,"11":0,"12":9},"f":{"0":9,"1":1,"2":1,"3":0},"b":{"0":[1,0],"1":[0,0],"2":[9,0],"3":[9,2],"4":[0,9]},"meta":{"lastBranch":5,"lastFunction":4,"lastStatement":13,"seen":{"f:12:9:12:24":0,"s:13:40:13:Infinity":0,"s:14:46:14:Infinity":1,"s:21:6:30:Infinity":2,"s:32:27:32:39":3,"s:34:8:55:Infinity":4,"f:34:8:34:20":1,"s:35:4:35:Infinity":5,"s:36:4:36:Infinity":6,"s:38:4:54:Infinity":7,"f:39:6:39:18":2,"s:40:8:42:Infinity":8,"b:41:10:41:27:41:27:41:Infinity":0,"s:44:8:44:Infinity":9,"f:47:6:47:16":3,"s:49:10:50:Infinity":10,"b:49:10:49:Infinity:50:10:50:Infinity":1,"s:52:8:52:Infinity":11,"s:57:2:195:Infinity":12,"b:76:9:76:Infinity:77:10:82:Infinity":2,"b:86:9:86:Infinity:87:10:101:Infinity":3,"b:176:16:176:Infinity:177:16:177:Infinity":4},"fnNames":{}}}
,"D:\\Evolware\\New folder\\konkantrip-frontend\\src\\features\\auth\\schemas\\auth.schema.js": {"path":"D:\\Evolware\\New folder\\konkantrip-frontend\\src\\features\\auth\\schemas\\auth.schema.js","statementMap":{"0":{"start":{"line":3,"column":30},"end":{"line":41,"column":null}},"1":{"start":{"line":43,"column":27},"end":{"line":55,"column":null}}},"fnMap":{},"branchMap":{},"s":{"0":2,"1":2},"f":{},"b":{},"meta":{"lastBranch":0,"lastFunction":0,"lastStatement":2,"seen":{"s:3:30:41:Infinity":0,"s:43:27:55:Infinity":1},"fnNames":{}}}
,"D:\\Evolware\\New folder\\konkantrip-frontend\\src\\features\\owner-dashboard\\pages\\OwnerDashboardPage.jsx": {"path":"D:\\Evolware\\New folder\\konkantrip-frontend\\src\\features\\owner-dashboard\\pages\\OwnerDashboardPage.jsx","statementMap":{"0":{"start":{"line":23,"column":2},"end":{"line":39,"column":null}},"1":{"start":{"line":25,"column":6},"end":{"line":25,"column":null}},"2":{"start":{"line":29,"column":6},"end":{"line":29,"column":null}},"3":{"start":{"line":34,"column":6},"end":{"line":34,"column":null}},"4":{"start":{"line":38,"column":6},"end":{"line":38,"column":null}},"5":{"start":{"line":43,"column":2},"end":{"line":58,"column":null}},"6":{"start":{"line":45,"column":6},"end":{"line":45,"column":null}},"7":{"start":{"line":49,"column":6},"end":{"line":49,"column":null}},"8":{"start":{"line":54,"column":6},"end":{"line":54,"column":null}},"9":{"start":{"line":57,"column":6},"end":{"line":57,"column":null}},"10":{"start":{"line":62,"column":16},"end":{"line":62,"column":null}},"11":{"start":{"line":63,"column":20},"end":{"line":63,"column":null}},"12":{"start":{"line":70,"column":6},"end":{"line":74,"column":null}},"13":{"start":{"line":76,"column":21},"end":{"line":76,"column":null}},"14":{"start":{"line":76,"column":36},"end":{"line":76,"column":81}},"15":{"start":{"line":77,"column":26},"end":{"line":77,"column":null}},"16":{"start":{"line":79,"column":24},"end":{"line":82,"column":null}},"17":{"start":{"line":80,"column":10},"end":{"line":80,"column":null}},"18":{"start":{"line":80,"column":35},"end":{"line":80,"column":67}},"19":{"start":{"line":84,"column":21},"end":{"line":87,"column":null}},"20":{"start":{"line":85,"column":10},"end":{"line":85,"column":null}},"21":{"start":{"line":85,"column":40},"end":{"line":85,"column":76}},"22":{"start":{"line":89,"column":24},"end":{"line":92,"column":null}},"23":{"start":{"line":90,"column":10},"end":{"line":90,"column":null}},"24":{"start":{"line":90,"column":40},"end":{"line":90,"column":79}},"25":{"start":{"line":95,"column":23},"end":{"line":98,"column":null}},"26":{"start":{"line":96,"column":10},"end":{"line":96,"column":null}},"27":{"start":{"line":96,"column":40},"end":{"line":96,"column":88}},"28":{"start":{"line":101,"column":24},"end":{"line":104,"column":null}},"29":{"start":{"line":102,"column":11},"end":{"line":102,"column":null}},"30":{"start":{"line":106,"column":25},"end":{"line":109,"column":null}},"31":{"start":{"line":107,"column":11},"end":{"line":107,"column":null}},"32":{"start":{"line":111,"column":23},"end":{"line":157,"column":null}},"33":{"start":{"line":159,"column":2},"end":{"line":445,"column":null}},"34":{"start":{"line":189,"column":23},"end":{"line":189,"column":null}},"35":{"start":{"line":191,"column":10},"end":{"line":219,"column":null}},"36":{"start":{"line":389,"column":35},"end":{"line":389,"column":null}},"37":{"start":{"line":391,"column":16},"end":{"line":438,"column":null}}},"fnMap":{"0":{"name":"getStatusClasses","decl":{"start":{"line":22,"column":9},"end":{"line":22,"column":26}},"loc":{"start":{"line":22,"column":34},"end":{"line":40,"column":null}},"line":22},"1":{"name":"getStatusIcon","decl":{"start":{"line":42,"column":9},"end":{"line":42,"column":23}},"loc":{"start":{"line":42,"column":31},"end":{"line":59,"column":null}},"line":42},"2":{"name":"OwnerDashboardPage","decl":{"start":{"line":61,"column":9},"end":{"line":61,"column":30}},"loc":{"start":{"line":61,"column":30},"end":{"line":447,"column":null}},"line":61},"3":{"name":"(anonymous_3)","decl":{"start":{"line":76,"column":21},"end":{"line":76,"column":36}},"loc":{"start":{"line":76,"column":36},"end":{"line":76,"column":81}},"line":76},"4":{"name":"(anonymous_4)","decl":{"start":{"line":79,"column":24},"end":{"line":79,"column":null}},"loc":{"start":{"line":80,"column":10},"end":{"line":80,"column":null}},"line":80},"5":{"name":"(anonymous_5)","decl":{"start":{"line":80,"column":21},"end":{"line":80,"column":29}},"loc":{"start":{"line":80,"column":35},"end":{"line":80,"column":67}},"line":80},"6":{"name":"(anonymous_6)","decl":{"start":{"line":84,"column":21},"end":{"line":84,"column":null}},"loc":{"start":{"line":85,"column":10},"end":{"line":85,"column":null}},"line":85},"7":{"name":"(anonymous_7)","decl":{"start":{"line":85,"column":21},"end":{"line":85,"column":29}},"loc":{"start":{"line":85,"column":40},"end":{"line":85,"column":76}},"line":85},"8":{"name":"(anonymous_8)","decl":{"start":{"line":89,"column":24},"end":{"line":89,"column":null}},"loc":{"start":{"line":90,"column":10},"end":{"line":90,"column":null}},"line":90},"9":{"name":"(anonymous_9)","decl":{"start":{"line":90,"column":21},"end":{"line":90,"column":29}},"loc":{"start":{"line":90,"column":40},"end":{"line":90,"column":79}},"line":90},"10":{"name":"(anonymous_10)","decl":{"start":{"line":95,"column":23},"end":{"line":95,"column":null}},"loc":{"start":{"line":96,"column":10},"end":{"line":96,"column":null}},"line":96},"11":{"name":"(anonymous_11)","decl":{"start":{"line":96,"column":21},"end":{"line":96,"column":29}},"loc":{"start":{"line":96,"column":40},"end":{"line":96,"column":88}},"line":96},"12":{"name":"(anonymous_12)","decl":{"start":{"line":101,"column":24},"end":{"line":101,"column":null}},"loc":{"start":{"line":102,"column":11},"end":{"line":102,"column":null}},"line":102},"13":{"name":"(anonymous_13)","decl":{"start":{"line":106,"column":25},"end":{"line":106,"column":null}},"loc":{"start":{"line":107,"column":11},"end":{"line":107,"column":null}},"line":107},"14":{"name":"(anonymous_14)","decl":{"start":{"line":188,"column":22},"end":{"line":188,"column":27}},"loc":{"start":{"line":188,"column":36},"end":{"line":221,"column":9}},"line":188},"15":{"name":"(anonymous_15)","decl":{"start":{"line":388,"column":38},"end":{"line":388,"column":43}},"loc":{"start":{"line":388,"column":56},"end":{"line":440,"column":15}},"line":388}},"branchMap":{"0":{"loc":{"start":{"line":23,"column":2},"end":{"line":39,"column":null}},"type":"switch","locations":[{"start":{"line":24,"column":4},"end":{"line":25,"column":null}},{"start":{"line":27,"column":4},"end":{"line":27,"column":null}},{"start":{"line":28,"column":4},"end":{"line":29,"column":null}},{"start":{"line":31,"column":4},"end":{"line":31,"column":null}},{"start":{"line":32,"column":4},"end":{"line":32,"column":null}},{"start":{"line":33,"column":4},"end":{"line":34,"column":null}},{"start":{"line":36,"column":4},"end":{"line":36,"column":null}},{"start":{"line":37,"column":4},"end":{"line":38,"column":null}}],"line":23},"1":{"loc":{"start":{"line":43,"column":2},"end":{"line":58,"column":null}},"type":"switch","locations":[{"start":{"line":44,"column":4},"end":{"line":45,"column":null}},{"start":{"line":47,"column":4},"end":{"line":47,"column":null}},{"start":{"line":48,"column":4},"end":{"line":49,"column":null}},{"start":{"line":51,"column":4},"end":{"line":51,"column":null}},{"start":{"line":52,"column":4},"end":{"line":52,"column":null}},{"start":{"line":53,"column":4},"end":{"line":54,"column":null}},{"start":{"line":56,"column":4},"end":{"line":57,"column":null}}],"line":43},"2":{"loc":{"start":{"line":63,"column":20},"end":{"line":63,"column":null}},"type":"binary-expr","locations":[{"start":{"line":63,"column":20},"end":{"line":63,"column":41}},{"start":{"line":63,"column":41},"end":{"line":63,"column":null}}],"line":63},"3":{"loc":{"start":{"line":76,"column":36},"end":{"line":76,"column":81}},"type":"cond-expr","locations":[{"start":{"line":76,"column":64},"end":{"line":76,"column":76}},{"start":{"line":76,"column":76},"end":{"line":76,"column":81}}],"line":76},"4":{"loc":{"start":{"line":77,"column":26},"end":{"line":77,"column":null}},"type":"binary-expr","locations":[{"start":{"line":77,"column":26},"end":{"line":77,"column":53}},{"start":{"line":77,"column":53},"end":{"line":77,"column":null}}],"line":77},"5":{"loc":{"start":{"line":85,"column":47},"end":{"line":85,"column":76}},"type":"binary-expr","locations":[{"start":{"line":85,"column":47},"end":{"line":85,"column":72}},{"start":{"line":85,"column":72},"end":{"line":85,"column":76}}],"line":85},"6":{"loc":{"start":{"line":90,"column":47},"end":{"line":90,"column":79}},"type":"binary-expr","locations":[{"start":{"line":90,"column":47},"end":{"line":90,"column":75}},{"start":{"line":90,"column":75},"end":{"line":90,"column":79}}],"line":90},"7":{"loc":{"start":{"line":96,"column":48},"end":{"line":96,"column":81}},"type":"binary-expr","locations":[{"start":{"line":96,"column":48},"end":{"line":96,"column":76}},{"start":{"line":96,"column":76},"end":{"line":96,"column":81}}],"line":96},"8":{"loc":{"start":{"line":102,"column":11},"end":{"line":102,"column":null}},"type":"cond-expr","locations":[{"start":{"line":102,"column":31},"end":{"line":102,"column":64}},{"start":{"line":102,"column":64},"end":{"line":102,"column":null}}],"line":102},"9":{"loc":{"start":{"line":107,"column":11},"end":{"line":107,"column":null}},"type":"cond-expr","locations":[{"start":{"line":107,"column":31},"end":{"line":107,"column":64}},{"start":{"line":107,"column":64},"end":{"line":107,"column":null}}],"line":107},"10":{"loc":{"start":{"line":114,"column":13},"end":{"line":114,"column":null}},"type":"cond-expr","locations":[{"start":{"line":114,"column":25},"end":{"line":114,"column":33}},{"start":{"line":114,"column":33},"end":{"line":114,"column":null}}],"line":114},"11":{"loc":{"start":{"line":122,"column":13},"end":{"line":122,"column":null}},"type":"cond-expr","locations":[{"start":{"line":122,"column":25},"end":{"line":122,"column":33}},{"start":{"line":122,"column":33},"end":{"line":122,"column":null}}],"line":122},"12":{"loc":{"start":{"line":130,"column":13},"end":{"line":130,"column":null}},"type":"cond-expr","locations":[{"start":{"line":130,"column":25},"end":{"line":130,"column":33}},{"start":{"line":130,"column":33},"end":{"line":130,"column":null}}],"line":130},"13":{"loc":{"start":{"line":138,"column":13},"end":{"line":138,"column":null}},"type":"cond-expr","locations":[{"start":{"line":138,"column":25},"end":{"line":138,"column":33}},{"start":{"line":138,"column":33},"end":{"line":138,"column":null}}],"line":138},"14":{"loc":{"start":{"line":145,"column":13},"end":{"line":145,"column":null}},"type":"cond-expr","locations":[{"start":{"line":145,"column":25},"end":{"line":145,"column":33}},{"start":{"line":145,"column":33},"end":{"line":145,"column":null}}],"line":145},"15":{"loc":{"start":{"line":152,"column":13},"end":{"line":152,"column":null}},"type":"cond-expr","locations":[{"start":{"line":152,"column":25},"end":{"line":152,"column":33}},{"start":{"line":152,"column":33},"end":{"line":152,"column":null}}],"line":152},"16":{"loc":{"start":{"line":201,"column":17},"end":{"line":206,"column":null}},"type":"binary-expr","locations":[{"start":{"line":201,"column":17},"end":{"line":201,"column":null}},{"start":{"line":202,"column":18},"end":{"line":206,"column":null}}],"line":201},"17":{"loc":{"start":{"line":241,"column":15},"end":{"line":241,"column":null}},"type":"cond-expr","locations":[{"start":{"line":241,"column":35},"end":{"line":241,"column":57}},{"start":{"line":241,"column":57},"end":{"line":241,"column":null}}],"line":241},"18":{"loc":{"start":{"line":245,"column":11},"end":{"line":280,"column":null}},"type":"cond-expr","locations":[{"start":{"line":246,"column":12},"end":{"line":250,"column":13}},{"start":{"line":250,"column":12},"end":{"line":280,"column":null}}],"line":245},"19":{"loc":{"start":{"line":264,"column":15},"end":{"line":278,"column":null}},"type":"binary-expr","locations":[{"start":{"line":264,"column":15},"end":{"line":264,"column":null}},{"start":{"line":265,"column":16},"end":{"line":278,"column":null}}],"line":264},"20":{"loc":{"start":{"line":297,"column":15},"end":{"line":297,"column":null}},"type":"cond-expr","locations":[{"start":{"line":297,"column":36},"end":{"line":297,"column":60}},{"start":{"line":297,"column":60},"end":{"line":297,"column":null}}],"line":297},"21":{"loc":{"start":{"line":301,"column":11},"end":{"line":321,"column":null}},"type":"cond-expr","locations":[{"start":{"line":302,"column":12},"end":{"line":306,"column":13}},{"start":{"line":306,"column":12},"end":{"line":321,"column":null}}],"line":301},"22":{"loc":{"start":{"line":325,"column":7},"end":{"line":333,"column":null}},"type":"binary-expr","locations":[{"start":{"line":325,"column":7},"end":{"line":325,"column":null}},{"start":{"line":326,"column":8},"end":{"line":333,"column":null}}],"line":325},"23":{"loc":{"start":{"line":331,"column":13},"end":{"line":331,"column":null}},"type":"binary-expr","locations":[{"start":{"line":331,"column":13},"end":{"line":331,"column":47}},{"start":{"line":331,"column":47},"end":{"line":331,"column":null}}],"line":331},"24":{"loc":{"start":{"line":337,"column":7},"end":{"line":341,"column":null}},"type":"binary-expr","locations":[{"start":{"line":337,"column":7},"end":{"line":337,"column":null}},{"start":{"line":338,"column":8},"end":{"line":341,"column":null}}],"line":337},"25":{"loc":{"start":{"line":345,"column":7},"end":{"line":443,"column":null}},"type":"binary-expr","locations":[{"start":{"line":345,"column":7},"end":{"line":345,"column":21}},{"start":{"line":345,"column":21},"end":{"line":345,"column":null}},{"start":{"line":346,"column":8},"end":{"line":443,"column":null}}],"line":345},"26":{"loc":{"start":{"line":357,"column":13},"end":{"line":365,"column":null}},"type":"binary-expr","locations":[{"start":{"line":357,"column":13},"end":{"line":357,"column":null}},{"start":{"line":358,"column":14},"end":{"line":365,"column":null}}],"line":357},"27":{"loc":{"start":{"line":367,"column":11},"end":{"line":443,"column":null}},"type":"cond-expr","locations":[{"start":{"line":368,"column":12},"end":{"line":387,"column":13}},{"start":{"line":387,"column":12},"end":{"line":443,"column":null}}],"line":367},"28":{"loc":{"start":{"line":416,"column":31},"end":{"line":416,"column":78}},"type":"binary-expr","locations":[{"start":{"line":416,"column":31},"end":{"line":416,"column":61}},{"start":{"line":416,"column":61},"end":{"line":416,"column":78}}],"line":416},"29":{"loc":{"start":{"line":418,"column":31},"end":{"line":418,"column":57}},"type":"binary-expr","locations":[{"start":{"line":418,"column":31},"end":{"line":418,"column":55}},{"start":{"line":418,"column":55},"end":{"line":418,"column":57}}],"line":418},"30":{"loc":{"start":{"line":419,"column":25},"end":{"line":426,"column":null}},"type":"binary-expr","locations":[{"start":{"line":419,"column":25},"end":{"line":419,"column":null}},{"start":{"line":420,"column":26},"end":{"line":426,"column":null}}],"line":419}},"s":{"0":0,"1":0,"2":0,"3":0,"4":0,"5":0,"6":0,"7":0,"8":0,"9":0,"10":0,"11":0,"12":0,"13":0,"14":0,"15":0,"16":0,"17":0,"18":0,"19":0,"20":0,"21":0,"22":0,"23":0,"24":0,"25":0,"26":0,"27":0,"28":0,"29":0,"30":0,"31":0,"32":0,"33":0,"34":0,"35":0,"36":0,"37":0},"f":{"0":0,"1":0,"2":0,"3":0,"4":0,"5":0,"6":0,"7":0,"8":0,"9":0,"10":0,"11":0,"12":0,"13":0,"14":0,"15":0},"b":{"0":[0,0,0,0,0,0,0,0],"1":[0,0,0,0,0,0,0],"2":[0,0],"3":[0,0],"4":[0,0],"5":[0,0],"6":[0,0],"7":[0,0],"8":[0,0],"9":[0,0],"10":[0,0],"11":[0,0],"12":[0,0],"13":[0,0],"14":[0,0],"15":[0,0],"16":[0,0],"17":[0,0],"18":[0,0],"19":[0,0],"20":[0,0],"21":[0,0],"22":[0,0],"23":[0,0],"24":[0,0],"25":[0,0,0],"26":[0,0],"27":[0,0],"28":[0,0],"29":[0,0],"30":[0,0]},"meta":{"lastBranch":31,"lastFunction":16,"lastStatement":38,"seen":{"f:22:9:22:26":0,"b:24:4:25:Infinity:27:4:27:Infinity:28:4:29:Infinity:31:4:31:Infinity:32:4:32:Infinity:33:4:34:Infinity:36:4:36:Infinity:37:4:38:Infinity":0,"s:23:2:39:Infinity":0,"s:25:6:25:Infinity":1,"s:29:6:29:Infinity":2,"s:34:6:34:Infinity":3,"s:38:6:38:Infinity":4,"f:42:9:42:23":1,"b:44:4:45:Infinity:47:4:47:Infinity:48:4:49:Infinity:51:4:51:Infinity:52:4:52:Infinity:53:4:54:Infinity:56:4:57:Infinity":1,"s:43:2:58:Infinity":5,"s:45:6:45:Infinity":6,"s:49:6:49:Infinity":7,"s:54:6:54:Infinity":8,"s:57:6:57:Infinity":9,"f:61:9:61:30":2,"s:62:16:62:Infinity":10,"s:63:20:63:Infinity":11,"b:63:20:63:41:63:41:63:Infinity":2,"s:70:6:74:Infinity":12,"s:76:21:76:Infinity":13,"f:76:21:76:36":3,"s:76:36:76:81":14,"b:76:64:76:76:76:76:76:81":3,"s:77:26:77:Infinity":15,"b:77:26:77:53:77:53:77:Infinity":4,"s:79:24:82:Infinity":16,"f:79:24:79:Infinity":4,"s:80:10:80:Infinity":17,"f:80:21:80:29":5,"s:80:35:80:67":18,"s:84:21:87:Infinity":19,"f:84:21:84:Infinity":6,"s:85:10:85:Infinity":20,"f:85:21:85:29":7,"s:85:40:85:76":21,"b:85:47:85:72:85:72:85:76":5,"s:89:24:92:Infinity":22,"f:89:24:89:Infinity":8,"s:90:10:90:Infinity":23,"f:90:21:90:29":9,"s:90:40:90:79":24,"b:90:47:90:75:90:75:90:79":6,"s:95:23:98:Infinity":25,"f:95:23:95:Infinity":10,"s:96:10:96:Infinity":26,"f:96:21:96:29":11,"s:96:40:96:88":27,"b:96:48:96:76:96:76:96:81":7,"s:101:24:104:Infinity":28,"f:101:24:101:Infinity":12,"s:102:11:102:Infinity":29,"b:102:31:102:64:102:64:102:Infinity":8,"s:106:25:109:Infinity":30,"f:106:25:106:Infinity":13,"s:107:11:107:Infinity":31,"b:107:31:107:64:107:64:107:Infinity":9,"s:111:23:157:Infinity":32,"b:114:25:114:33:114:33:114:Infinity":10,"b:122:25:122:33:122:33:122:Infinity":11,"b:130:25:130:33:130:33:130:Infinity":12,"b:138:25:138:33:138:33:138:Infinity":13,"b:145:25:145:33:145:33:145:Infinity":14,"b:152:25:152:33:152:33:152:Infinity":15,"s:159:2:445:Infinity":33,"f:188:22:188:27":14,"s:189:23:189:Infinity":34,"s:191:10:219:Infinity":35,"b:201:17:201:Infinity:202:18:206:Infinity":16,"b:241:35:241:57:241:57:241:Infinity":17,"b:246:12:250:13:250:12:280:Infinity":18,"b:264:15:264:Infinity:265:16:278:Infinity":19,"b:297:36:297:60:297:60:297:Infinity":20,"b:302:12:306:13:306:12:321:Infinity":21,"b:325:7:325:Infinity:326:8:333:Infinity":22,"b:331:13:331:47:331:47:331:Infinity":23,"b:337:7:337:Infinity:338:8:341:Infinity":24,"b:345:7:345:21:345:21:345:Infinity:346:8:443:Infinity":25,"b:357:13:357:Infinity:358:14:365:Infinity":26,"b:368:12:387:13:387:12:443:Infinity":27,"f:388:38:388:43":15,"s:389:35:389:Infinity":36,"s:391:16:438:Infinity":37,"b:416:31:416:61:416:61:416:78":28,"b:418:31:418:55:418:55:418:57":29,"b:419:25:419:Infinity:420:26:426:Infinity":30},"fnNames":{}}}
,"D:\\Evolware\\New folder\\konkantrip-frontend\\src\\features\\owner\\pages\\AvailabilityPage.jsx": {"path":"D:\\Evolware\\New folder\\konkantrip-frontend\\src\\features\\owner\\pages\\AvailabilityPage.jsx","statementMap":{"0":{"start":{"line":4,"column":2},"end":{"line":32,"column":null}}},"fnMap":{"0":{"name":"AvailabilityPage","decl":{"start":{"line":3,"column":9},"end":{"line":3,"column":28}},"loc":{"start":{"line":3,"column":28},"end":{"line":34,"column":null}},"line":3}},"branchMap":{},"s":{"0":0},"f":{"0":0},"b":{},"meta":{"lastBranch":0,"lastFunction":1,"lastStatement":1,"seen":{"f:3:9:3:28":0,"s:4:2:32:Infinity":0},"fnNames":{}}}
,"D:\\Evolware\\New folder\\konkantrip-frontend\\src\\features\\owner\\pages\\BookingsPage.jsx": {"path":"D:\\Evolware\\New folder\\konkantrip-frontend\\src\\features\\owner\\pages\\BookingsPage.jsx","statementMap":{"0":{"start":{"line":4,"column":2},"end":{"line":32,"column":null}}},"fnMap":{"0":{"name":"BookingsPage","decl":{"start":{"line":3,"column":9},"end":{"line":3,"column":24}},"loc":{"start":{"line":3,"column":24},"end":{"line":34,"column":null}},"line":3}},"branchMap":{},"s":{"0":0},"f":{"0":0},"b":{},"meta":{"lastBranch":0,"lastFunction":1,"lastStatement":1,"seen":{"f:3:9:3:24":0,"s:4:2:32:Infinity":0},"fnNames":{}}}
,"D:\\Evolware\\New folder\\konkantrip-frontend\\src\\features\\owner\\pages\\PaymentsPage.jsx": {"path":"D:\\Evolware\\New folder\\konkantrip-frontend\\src\\features\\owner\\pages\\PaymentsPage.jsx","statementMap":{"0":{"start":{"line":4,"column":2},"end":{"line":32,"column":null}}},"fnMap":{"0":{"name":"PaymentsPage","decl":{"start":{"line":3,"column":9},"end":{"line":3,"column":24}},"loc":{"start":{"line":3,"column":24},"end":{"line":34,"column":null}},"line":3}},"branchMap":{},"s":{"0":0},"f":{"0":0},"b":{},"meta":{"lastBranch":0,"lastFunction":1,"lastStatement":1,"seen":{"f:3:9:3:24":0,"s:4:2:32:Infinity":0},"fnNames":{}}}
,"D:\\Evolware\\New folder\\konkantrip-frontend\\src\\features\\owner\\pages\\PricingPage.jsx": {"path":"D:\\Evolware\\New folder\\konkantrip-frontend\\src\\features\\owner\\pages\\PricingPage.jsx","statementMap":{"0":{"start":{"line":4,"column":2},"end":{"line":32,"column":null}}},"fnMap":{"0":{"name":"PricingPage","decl":{"start":{"line":3,"column":9},"end":{"line":3,"column":23}},"loc":{"start":{"line":3,"column":23},"end":{"line":34,"column":null}},"line":3}},"branchMap":{},"s":{"0":0},"f":{"0":0},"b":{},"meta":{"lastBranch":0,"lastFunction":1,"lastStatement":1,"seen":{"f:3:9:3:23":0,"s:4:2:32:Infinity":0},"fnNames":{}}}
,"D:\\Evolware\\New folder\\konkantrip-frontend\\src\\features\\owner\\pages\\ProfilePage.jsx": {"path":"D:\\Evolware\\New folder\\konkantrip-frontend\\src\\features\\owner\\pages\\ProfilePage.jsx","statementMap":{"0":{"start":{"line":9,"column":19},"end":{"line":9,"column":31}},"1":{"start":{"line":10,"column":28},"end":{"line":10,"column":36}},"2":{"start":{"line":11,"column":54},"end":{"line":11,"column":null}},"3":{"start":{"line":13,"column":8},"end":{"line":16,"column":null}},"4":{"start":{"line":14,"column":4},"end":{"line":14,"column":null}},"5":{"start":{"line":15,"column":4},"end":{"line":15,"column":null}},"6":{"start":{"line":18,"column":20},"end":{"line":18,"column":null}},"7":{"start":{"line":19,"column":19},"end":{"line":19,"column":null}},"8":{"start":{"line":20,"column":16},"end":{"line":20,"column":null}},"9":{"start":{"line":22,"column":4},"end":{"line":22,"column":null}},"10":{"start":{"line":23,"column":15},"end":{"line":23,"column":null}},"11":{"start":{"line":24,"column":24},"end":{"line":24,"column":null}},"12":{"start":{"line":26,"column":2},"end":{"line":147,"column":null}},"13":{"start":{"line":130,"column":27},"end":{"line":130,"column":null}}},"fnMap":{"0":{"name":"ProfilePage","decl":{"start":{"line":8,"column":9},"end":{"line":8,"column":23}},"loc":{"start":{"line":8,"column":23},"end":{"line":149,"column":null}},"line":8},"1":{"name":"(anonymous_1)","decl":{"start":{"line":13,"column":8},"end":{"line":13,"column":29}},"loc":{"start":{"line":13,"column":29},"end":{"line":16,"column":null}},"line":13},"2":{"name":"(anonymous_2)","decl":{"start":{"line":130,"column":12},"end":{"line":130,"column":27}},"loc":{"start":{"line":130,"column":27},"end":{"line":130,"column":null}},"line":130}},"branchMap":{"0":{"loc":{"start":{"line":18,"column":20},"end":{"line":18,"column":null}},"type":"binary-expr","locations":[{"start":{"line":18,"column":20},"end":{"line":18,"column":41}},{"start":{"line":18,"column":41},"end":{"line":18,"column":null}}],"line":18},"1":{"loc":{"start":{"line":19,"column":19},"end":{"line":19,"column":null}},"type":"binary-expr","locations":[{"start":{"line":19,"column":19},"end":{"line":19,"column":39}},{"start":{"line":19,"column":39},"end":{"line":19,"column":null}}],"line":19},"2":{"loc":{"start":{"line":20,"column":16},"end":{"line":20,"column":null}},"type":"binary-expr","locations":[{"start":{"line":20,"column":16},"end":{"line":20,"column":32}},{"start":{"line":20,"column":32},"end":{"line":20,"column":null}}],"line":20},"3":{"loc":{"start":{"line":22,"column":4},"end":{"line":22,"column":null}},"type":"binary-expr","locations":[{"start":{"line":22,"column":4},"end":{"line":22,"column":20}},{"start":{"line":22,"column":20},"end":{"line":22,"column":44}},{"start":{"line":22,"column":44},"end":{"line":22,"column":67}},{"start":{"line":22,"column":67},"end":{"line":22,"column":84}},{"start":{"line":22,"column":84},"end":{"line":22,"column":null}}],"line":22},"4":{"loc":{"start":{"line":23,"column":15},"end":{"line":23,"column":null}},"type":"binary-expr","locations":[{"start":{"line":23,"column":15},"end":{"line":23,"column":30}},{"start":{"line":23,"column":30},"end":{"line":23,"column":null}}],"line":23},"5":{"loc":{"start":{"line":24,"column":24},"end":{"line":24,"column":null}},"type":"binary-expr","locations":[{"start":{"line":24,"column":24},"end":{"line":24,"column":49}},{"start":{"line":24,"column":49},"end":{"line":24,"column":66}},{"start":{"line":24,"column":66},"end":{"line":24,"column":null}}],"line":24},"6":{"loc":{"start":{"line":42,"column":13},"end":{"line":42,"column":null}},"type":"cond-expr","locations":[{"start":{"line":42,"column":35},"end":{"line":42,"column":71}},{"start":{"line":42,"column":71},"end":{"line":42,"column":null}}],"line":42},"7":{"loc":{"start":{"line":47,"column":15},"end":{"line":47,"column":null}},"type":"cond-expr","locations":[{"start":{"line":47,"column":37},"end":{"line":47,"column":99}},{"start":{"line":47,"column":99},"end":{"line":47,"column":null}}],"line":47},"8":{"loc":{"start":{"line":47,"column":53},"end":{"line":47,"column":90}},"type":"cond-expr","locations":[{"start":{"line":47,"column":74},"end":{"line":47,"column":85}},{"start":{"line":47,"column":85},"end":{"line":47,"column":90}}],"line":47},"9":{"loc":{"start":{"line":121,"column":9},"end":{"line":124,"column":null}},"type":"binary-expr","locations":[{"start":{"line":121,"column":9},"end":{"line":121,"column":null}},{"start":{"line":122,"column":10},"end":{"line":124,"column":null}}],"line":121}},"s":{"0":0,"1":0,"2":0,"3":0,"4":0,"5":0,"6":0,"7":0,"8":0,"9":0,"10":0,"11":0,"12":0,"13":0},"f":{"0":0,"1":0,"2":0},"b":{"0":[0,0],"1":[0,0],"2":[0,0],"3":[0,0,0,0,0],"4":[0,0],"5":[0,0,0],"6":[0,0],"7":[0,0],"8":[0,0],"9":[0,0]},"meta":{"lastBranch":10,"lastFunction":3,"lastStatement":14,"seen":{"f:8:9:8:23":0,"s:9:19:9:31":0,"s:10:28:10:36":1,"s:11:54:11:Infinity":2,"s:13:8:16:Infinity":3,"f:13:8:13:29":1,"s:14:4:14:Infinity":4,"s:15:4:15:Infinity":5,"s:18:20:18:Infinity":6,"b:18:20:18:41:18:41:18:Infinity":0,"s:19:19:19:Infinity":7,"b:19:19:19:39:19:39:19:Infinity":1,"s:20:16:20:Infinity":8,"b:20:16:20:32:20:32:20:Infinity":2,"s:22:4:22:Infinity":9,"b:22:4:22:20:22:20:22:44:22:44:22:67:22:67:22:84:22:84:22:Infinity":3,"s:23:15:23:Infinity":10,"b:23:15:23:30:23:30:23:Infinity":4,"s:24:24:24:Infinity":11,"b:24:24:24:49:24:49:24:66:24:66:24:Infinity":5,"s:26:2:147:Infinity":12,"b:42:35:42:71:42:71:42:Infinity":6,"b:47:37:47:99:47:99:47:Infinity":7,"b:47:74:47:85:47:85:47:90":8,"b:121:9:121:Infinity:122:10:124:Infinity":9,"f:130:12:130:27":2,"s:130:27:130:Infinity":13},"fnNames":{}}}
,"D:\\Evolware\\New folder\\konkantrip-frontend\\src\\features\\owner\\pages\\ReviewsPage.jsx": {"path":"D:\\Evolware\\New folder\\konkantrip-frontend\\src\\features\\owner\\pages\\ReviewsPage.jsx","statementMap":{"0":{"start":{"line":4,"column":2},"end":{"line":32,"column":null}}},"fnMap":{"0":{"name":"ReviewsPage","decl":{"start":{"line":3,"column":9},"end":{"line":3,"column":23}},"loc":{"start":{"line":3,"column":23},"end":{"line":34,"column":null}},"line":3}},"branchMap":{},"s":{"0":0},"f":{"0":0},"b":{},"meta":{"lastBranch":0,"lastFunction":1,"lastStatement":1,"seen":{"f:3:9:3:23":0,"s:4:2:32:Infinity":0},"fnNames":{}}}
,"D:\\Evolware\\New folder\\konkantrip-frontend\\src\\features\\owner\\pages\\RoomsPage.jsx": {"path":"D:\\Evolware\\New folder\\konkantrip-frontend\\src\\features\\owner\\pages\\RoomsPage.jsx","statementMap":{"0":{"start":{"line":4,"column":2},"end":{"line":32,"column":null}}},"fnMap":{"0":{"name":"RoomsPage","decl":{"start":{"line":3,"column":9},"end":{"line":3,"column":21}},"loc":{"start":{"line":3,"column":21},"end":{"line":34,"column":null}},"line":3}},"branchMap":{},"s":{"0":0},"f":{"0":0},"b":{},"meta":{"lastBranch":0,"lastFunction":1,"lastStatement":1,"seen":{"f:3:9:3:21":0,"s:4:2:32:Infinity":0},"fnNames":{}}}
,"D:\\Evolware\\New folder\\konkantrip-frontend\\src\\features\\owner\\pages\\SettingsPage.jsx": {"path":"D:\\Evolware\\New folder\\konkantrip-frontend\\src\\features\\owner\\pages\\SettingsPage.jsx","statementMap":{"0":{"start":{"line":8,"column":19},"end":{"line":8,"column":31}},"1":{"start":{"line":9,"column":21},"end":{"line":9,"column":29}},"2":{"start":{"line":11,"column":8},"end":{"line":14,"column":null}},"3":{"start":{"line":12,"column":4},"end":{"line":12,"column":null}},"4":{"start":{"line":13,"column":4},"end":{"line":13,"column":null}},"5":{"start":{"line":16,"column":2},"end":{"line":147,"column":null}}},"fnMap":{"0":{"name":"SettingsPage","decl":{"start":{"line":7,"column":9},"end":{"line":7,"column":24}},"loc":{"start":{"line":7,"column":24},"end":{"line":149,"column":null}},"line":7},"1":{"name":"(anonymous_1)","decl":{"start":{"line":11,"column":8},"end":{"line":11,"column":29}},"loc":{"start":{"line":11,"column":29},"end":{"line":14,"column":null}},"line":11}},"branchMap":{},"s":{"0":0,"1":0,"2":0,"3":0,"4":0,"5":0},"f":{"0":0,"1":0},"b":{},"meta":{"lastBranch":0,"lastFunction":2,"lastStatement":6,"seen":{"f:7:9:7:24":0,"s:8:19:8:31":0,"s:9:21:9:29":1,"s:11:8:14:Infinity":2,"f:11:8:11:29":1,"s:12:4:12:Infinity":3,"s:13:4:13:Infinity":4,"s:16:2:147:Infinity":5},"fnNames":{}}}
,"D:\\Evolware\\New folder\\konkantrip-frontend\\src\\features\\properties\\api\\properties.api.js": {"path":"D:\\Evolware\\New folder\\konkantrip-frontend\\src\\features\\properties\\api\\properties.api.js","statementMap":{"0":{"start":{"line":4,"column":29},"end":{"line":10,"column":null}},"1":{"start":{"line":5,"column":19},"end":{"line":7,"column":null}},"2":{"start":{"line":9,"column":2},"end":{"line":9,"column":null}},"3":{"start":{"line":12,"column":31},"end":{"line":18,"column":null}},"4":{"start":{"line":13,"column":19},"end":{"line":15,"column":null}},"5":{"start":{"line":17,"column":2},"end":{"line":17,"column":null}},"6":{"start":{"line":20,"column":30},"end":{"line":27,"column":null}},"7":{"start":{"line":21,"column":19},"end":{"line":24,"column":null}},"8":{"start":{"line":26,"column":2},"end":{"line":26,"column":null}},"9":{"start":{"line":29,"column":30},"end":{"line":39,"column":null}},"10":{"start":{"line":30,"column":19},"end":{"line":30,"column":null}},"11":{"start":{"line":31,"column":21},"end":{"line":31,"column":null}},"12":{"start":{"line":33,"column":19},"end":{"line":36,"column":null}},"13":{"start":{"line":38,"column":2},"end":{"line":38,"column":null}},"14":{"start":{"line":41,"column":30},"end":{"line":47,"column":null}},"15":{"start":{"line":42,"column":19},"end":{"line":44,"column":null}},"16":{"start":{"line":46,"column":2},"end":{"line":46,"column":null}}},"fnMap":{"0":{"name":"(anonymous_0)","decl":{"start":{"line":4,"column":29},"end":{"line":4,"column":36}},"loc":{"start":{"line":4,"column":52},"end":{"line":10,"column":null}},"line":4},"1":{"name":"(anonymous_1)","decl":{"start":{"line":12,"column":31},"end":{"line":12,"column":38}},"loc":{"start":{"line":12,"column":53},"end":{"line":18,"column":null}},"line":12},"2":{"name":"(anonymous_2)","decl":{"start":{"line":20,"column":30},"end":{"line":20,"column":37}},"loc":{"start":{"line":20,"column":54},"end":{"line":27,"column":null}},"line":20},"3":{"name":"(anonymous_3)","decl":{"start":{"line":29,"column":30},"end":{"line":29,"column":37}},"loc":{"start":{"line":29,"column":53},"end":{"line":39,"column":null}},"line":29},"4":{"name":"(anonymous_4)","decl":{"start":{"line":41,"column":30},"end":{"line":41,"column":37}},"loc":{"start":{"line":41,"column":52},"end":{"line":47,"column":null}},"line":41}},"branchMap":{"0":{"loc":{"start":{"line":4,"column":36},"end":{"line":4,"column":52}},"type":"default-arg","locations":[{"start":{"line":4,"column":45},"end":{"line":4,"column":52}}],"line":4},"1":{"loc":{"start":{"line":29,"column":37},"end":{"line":29,"column":53}},"type":"default-arg","locations":[{"start":{"line":29,"column":46},"end":{"line":29,"column":53}}],"line":29},"2":{"loc":{"start":{"line":30,"column":19},"end":{"line":30,"column":null}},"type":"binary-expr","locations":[{"start":{"line":30,"column":19},"end":{"line":30,"column":40}},{"start":{"line":30,"column":40},"end":{"line":30,"column":null}}],"line":30},"3":{"loc":{"start":{"line":31,"column":21},"end":{"line":31,"column":null}},"type":"binary-expr","locations":[{"start":{"line":31,"column":21},"end":{"line":31,"column":44}},{"start":{"line":31,"column":44},"end":{"line":31,"column":62}},{"start":{"line":31,"column":62},"end":{"line":31,"column":null}}],"line":31}},"s":{"0":2,"1":1,"2":1,"3":2,"4":2,"5":1,"6":2,"7":1,"8":1,"9":2,"10":1,"11":1,"12":1,"13":1,"14":2,"15":1,"16":1},"f":{"0":1,"1":2,"2":1,"3":1,"4":1},"b":{"0":[1],"1":[1],"2":[1,0],"3":[1,0,0]},"meta":{"lastBranch":4,"lastFunction":5,"lastStatement":17,"seen":{"s:4:29:10:Infinity":0,"f:4:29:4:36":0,"b:4:45:4:52":0,"s:5:19:7:Infinity":1,"s:9:2:9:Infinity":2,"s:12:31:18:Infinity":3,"f:12:31:12:38":1,"s:13:19:15:Infinity":4,"s:17:2:17:Infinity":5,"s:20:30:27:Infinity":6,"f:20:30:20:37":2,"s:21:19:24:Infinity":7,"s:26:2:26:Infinity":8,"s:29:30:39:Infinity":9,"f:29:30:29:37":3,"b:29:46:29:53":1,"s:30:19:30:Infinity":10,"b:30:19:30:40:30:40:30:Infinity":2,"s:31:21:31:Infinity":11,"b:31:21:31:44:31:44:31:62:31:62:31:Infinity":3,"s:33:19:36:Infinity":12,"s:38:2:38:Infinity":13,"s:41:30:47:Infinity":14,"f:41:30:41:37":4,"s:42:19:44:Infinity":15,"s:46:2:46:Infinity":16},"fnNames":{}}}
,"D:\\Evolware\\New folder\\konkantrip-frontend\\src\\features\\properties\\api\\propertyAmenities.api.js": {"path":"D:\\Evolware\\New folder\\konkantrip-frontend\\src\\features\\properties\\api\\propertyAmenities.api.js","statementMap":{"0":{"start":{"line":4,"column":34},"end":{"line":7,"column":null}},"1":{"start":{"line":5,"column":19},"end":{"line":5,"column":null}},"2":{"start":{"line":6,"column":2},"end":{"line":6,"column":null}},"3":{"start":{"line":9,"column":42},"end":{"line":12,"column":null}},"4":{"start":{"line":10,"column":19},"end":{"line":10,"column":null}},"5":{"start":{"line":11,"column":2},"end":{"line":11,"column":null}},"6":{"start":{"line":14,"column":36},"end":{"line":19,"column":null}},"7":{"start":{"line":15,"column":19},"end":{"line":17,"column":null}},"8":{"start":{"line":18,"column":2},"end":{"line":18,"column":null}},"9":{"start":{"line":21,"column":36},"end":{"line":38,"column":null}},"10":{"start":{"line":23,"column":18},"end":{"line":31,"column":null}},"11":{"start":{"line":26,"column":10},"end":{"line":28,"column":null}},"12":{"start":{"line":33,"column":19},"end":{"line":36,"column":null}},"13":{"start":{"line":37,"column":2},"end":{"line":37,"column":null}}},"fnMap":{"0":{"name":"(anonymous_0)","decl":{"start":{"line":4,"column":34},"end":{"line":4,"column":46}},"loc":{"start":{"line":4,"column":46},"end":{"line":7,"column":null}},"line":4},"1":{"name":"(anonymous_1)","decl":{"start":{"line":9,"column":42},"end":{"line":9,"column":54}},"loc":{"start":{"line":9,"column":54},"end":{"line":12,"column":null}},"line":9},"2":{"name":"(anonymous_2)","decl":{"start":{"line":14,"column":36},"end":{"line":14,"column":43}},"loc":{"start":{"line":14,"column":58},"end":{"line":19,"column":null}},"line":14},"3":{"name":"(anonymous_3)","decl":{"start":{"line":21,"column":36},"end":{"line":21,"column":43}},"loc":{"start":{"line":21,"column":76},"end":{"line":38,"column":null}},"line":21},"4":{"name":"(anonymous_4)","decl":{"start":{"line":25,"column":36},"end":{"line":25,"column":41}},"loc":{"start":{"line":26,"column":10},"end":{"line":28,"column":null}},"line":26}},"branchMap":{"0":{"loc":{"start":{"line":23,"column":18},"end":{"line":31,"column":null}},"type":"cond-expr","locations":[{"start":{"line":24,"column":6},"end":{"line":30,"column":null}},{"start":{"line":31,"column":6},"end":{"line":31,"column":null}}],"line":23},"1":{"loc":{"start":{"line":26,"column":10},"end":{"line":28,"column":null}},"type":"cond-expr","locations":[{"start":{"line":27,"column":14},"end":{"line":27,"column":null}},{"start":{"line":28,"column":14},"end":{"line":28,"column":null}}],"line":26},"2":{"loc":{"start":{"line":26,"column":10},"end":{"line":26,"column":null}},"type":"binary-expr","locations":[{"start":{"line":26,"column":10},"end":{"line":26,"column":38}},{"start":{"line":26,"column":38},"end":{"line":26,"column":null}}],"line":26}},"s":{"0":3,"1":1,"2":1,"3":3,"4":0,"5":0,"6":3,"7":3,"8":2,"9":3,"10":0,"11":0,"12":0,"13":0},"f":{"0":1,"1":0,"2":3,"3":0,"4":0},"b":{"0":[0,0],"1":[0,0],"2":[0,0]},"meta":{"lastBranch":3,"lastFunction":5,"lastStatement":14,"seen":{"s:4:34:7:Infinity":0,"f:4:34:4:46":0,"s:5:19:5:Infinity":1,"s:6:2:6:Infinity":2,"s:9:42:12:Infinity":3,"f:9:42:9:54":1,"s:10:19:10:Infinity":4,"s:11:2:11:Infinity":5,"s:14:36:19:Infinity":6,"f:14:36:14:43":2,"s:15:19:17:Infinity":7,"s:18:2:18:Infinity":8,"s:21:36:38:Infinity":9,"f:21:36:21:43":3,"s:23:18:31:Infinity":10,"b:24:6:30:Infinity:31:6:31:Infinity":0,"f:25:36:25:41":4,"s:26:10:28:Infinity":11,"b:27:14:27:Infinity:28:14:28:Infinity":1,"b:26:10:26:38:26:38:26:Infinity":2,"s:33:19:36:Infinity":12,"s:37:2:37:Infinity":13},"fnNames":{}}}
,"D:\\Evolware\\New folder\\konkantrip-frontend\\src\\features\\properties\\api\\propertyContacts.api.js": {"path":"D:\\Evolware\\New folder\\konkantrip-frontend\\src\\features\\properties\\api\\propertyContacts.api.js","statementMap":{"0":{"start":{"line":4,"column":35},"end":{"line":9,"column":null}},"1":{"start":{"line":5,"column":19},"end":{"line":7,"column":null}},"2":{"start":{"line":8,"column":2},"end":{"line":8,"column":null}},"3":{"start":{"line":11,"column":37},"end":{"line":17,"column":null}},"4":{"start":{"line":12,"column":19},"end":{"line":15,"column":null}},"5":{"start":{"line":16,"column":2},"end":{"line":16,"column":null}},"6":{"start":{"line":19,"column":37},"end":{"line":25,"column":null}},"7":{"start":{"line":20,"column":19},"end":{"line":23,"column":null}},"8":{"start":{"line":24,"column":2},"end":{"line":24,"column":null}},"9":{"start":{"line":27,"column":37},"end":{"line":32,"column":null}},"10":{"start":{"line":28,"column":19},"end":{"line":30,"column":null}},"11":{"start":{"line":31,"column":2},"end":{"line":31,"column":null}},"12":{"start":{"line":34,"column":37},"end":{"line":37,"column":null}},"13":{"start":{"line":35,"column":19},"end":{"line":35,"column":null}},"14":{"start":{"line":36,"column":2},"end":{"line":36,"column":null}}},"fnMap":{"0":{"name":"(anonymous_0)","decl":{"start":{"line":4,"column":35},"end":{"line":4,"column":42}},"loc":{"start":{"line":4,"column":57},"end":{"line":9,"column":null}},"line":4},"1":{"name":"(anonymous_1)","decl":{"start":{"line":11,"column":37},"end":{"line":11,"column":44}},"loc":{"start":{"line":11,"column":68},"end":{"line":17,"column":null}},"line":11},"2":{"name":"(anonymous_2)","decl":{"start":{"line":19,"column":37},"end":{"line":19,"column":44}},"loc":{"start":{"line":19,"column":79},"end":{"line":25,"column":null}},"line":19},"3":{"name":"(anonymous_3)","decl":{"start":{"line":27,"column":37},"end":{"line":27,"column":44}},"loc":{"start":{"line":27,"column":70},"end":{"line":32,"column":null}},"line":27},"4":{"name":"(anonymous_4)","decl":{"start":{"line":34,"column":37},"end":{"line":34,"column":49}},"loc":{"start":{"line":34,"column":49},"end":{"line":37,"column":null}},"line":34}},"branchMap":{},"s":{"0":3,"1":4,"2":4,"3":3,"4":0,"5":0,"6":3,"7":0,"8":0,"9":3,"10":0,"11":0,"12":3,"13":0,"14":0},"f":{"0":4,"1":0,"2":0,"3":0,"4":0},"b":{},"meta":{"lastBranch":0,"lastFunction":5,"lastStatement":15,"seen":{"s:4:35:9:Infinity":0,"f:4:35:4:42":0,"s:5:19:7:Infinity":1,"s:8:2:8:Infinity":2,"s:11:37:17:Infinity":3,"f:11:37:11:44":1,"s:12:19:15:Infinity":4,"s:16:2:16:Infinity":5,"s:19:37:25:Infinity":6,"f:19:37:19:44":2,"s:20:19:23:Infinity":7,"s:24:2:24:Infinity":8,"s:27:37:32:Infinity":9,"f:27:37:27:44":3,"s:28:19:30:Infinity":10,"s:31:2:31:Infinity":11,"s:34:37:37:Infinity":12,"f:34:37:34:49":4,"s:35:19:35:Infinity":13,"s:36:2:36:Infinity":14},"fnNames":{}}}
,"D:\\Evolware\\New folder\\konkantrip-frontend\\src\\features\\properties\\api\\propertyDocuments.api.js": {"path":"D:\\Evolware\\New folder\\konkantrip-frontend\\src\\features\\properties\\api\\propertyDocuments.api.js","statementMap":{"0":{"start":{"line":4,"column":36},"end":{"line":9,"column":null}},"1":{"start":{"line":5,"column":19},"end":{"line":7,"column":null}},"2":{"start":{"line":8,"column":2},"end":{"line":8,"column":null}},"3":{"start":{"line":11,"column":38},"end":{"line":17,"column":null}},"4":{"start":{"line":12,"column":19},"end":{"line":15,"column":null}},"5":{"start":{"line":16,"column":2},"end":{"line":16,"column":null}},"6":{"start":{"line":19,"column":38},"end":{"line":24,"column":null}},"7":{"start":{"line":20,"column":19},"end":{"line":22,"column":null}},"8":{"start":{"line":23,"column":2},"end":{"line":23,"column":null}},"9":{"start":{"line":26,"column":38},"end":{"line":29,"column":null}},"10":{"start":{"line":27,"column":19},"end":{"line":27,"column":null}},"11":{"start":{"line":28,"column":2},"end":{"line":28,"column":null}}},"fnMap":{"0":{"name":"(anonymous_0)","decl":{"start":{"line":4,"column":36},"end":{"line":4,"column":43}},"loc":{"start":{"line":4,"column":58},"end":{"line":9,"column":null}},"line":4},"1":{"name":"(anonymous_1)","decl":{"start":{"line":11,"column":38},"end":{"line":11,"column":45}},"loc":{"start":{"line":11,"column":74},"end":{"line":17,"column":null}},"line":11},"2":{"name":"(anonymous_2)","decl":{"start":{"line":19,"column":38},"end":{"line":19,"column":45}},"loc":{"start":{"line":19,"column":72},"end":{"line":24,"column":null}},"line":19},"3":{"name":"(anonymous_3)","decl":{"start":{"line":26,"column":38},"end":{"line":26,"column":50}},"loc":{"start":{"line":26,"column":50},"end":{"line":29,"column":null}},"line":26}},"branchMap":{},"s":{"0":3,"1":2,"2":0,"3":3,"4":0,"5":0,"6":3,"7":0,"8":0,"9":3,"10":1,"11":1},"f":{"0":2,"1":0,"2":0,"3":1},"b":{},"meta":{"lastBranch":0,"lastFunction":4,"lastStatement":12,"seen":{"s:4:36:9:Infinity":0,"f:4:36:4:43":0,"s:5:19:7:Infinity":1,"s:8:2:8:Infinity":2,"s:11:38:17:Infinity":3,"f:11:38:11:45":1,"s:12:19:15:Infinity":4,"s:16:2:16:Infinity":5,"s:19:38:24:Infinity":6,"f:19:38:19:45":2,"s:20:19:22:Infinity":7,"s:23:2:23:Infinity":8,"s:26:38:29:Infinity":9,"f:26:38:26:50":3,"s:27:19:27:Infinity":10,"s:28:2:28:Infinity":11},"fnNames":{}}}
,"D:\\Evolware\\New folder\\konkantrip-frontend\\src\\features\\properties\\api\\propertyImages.api.js": {"path":"D:\\Evolware\\New folder\\konkantrip-frontend\\src\\features\\properties\\api\\propertyImages.api.js","statementMap":{"0":{"start":{"line":4,"column":33},"end":{"line":9,"column":null}},"1":{"start":{"line":5,"column":19},"end":{"line":7,"column":null}},"2":{"start":{"line":8,"column":2},"end":{"line":8,"column":null}},"3":{"start":{"line":11,"column":32},"end":{"line":17,"column":null}},"4":{"start":{"line":12,"column":19},"end":{"line":15,"column":null}},"5":{"start":{"line":16,"column":2},"end":{"line":16,"column":null}},"6":{"start":{"line":19,"column":35},"end":{"line":25,"column":null}},"7":{"start":{"line":20,"column":19},"end":{"line":23,"column":null}},"8":{"start":{"line":24,"column":2},"end":{"line":24,"column":null}},"9":{"start":{"line":27,"column":35},"end":{"line":32,"column":null}},"10":{"start":{"line":28,"column":19},"end":{"line":30,"column":null}},"11":{"start":{"line":31,"column":2},"end":{"line":31,"column":null}},"12":{"start":{"line":34,"column":43},"end":{"line":37,"column":null}},"13":{"start":{"line":35,"column":19},"end":{"line":35,"column":null}},"14":{"start":{"line":36,"column":2},"end":{"line":36,"column":null}}},"fnMap":{"0":{"name":"(anonymous_0)","decl":{"start":{"line":4,"column":33},"end":{"line":4,"column":40}},"loc":{"start":{"line":4,"column":55},"end":{"line":9,"column":null}},"line":4},"1":{"name":"(anonymous_1)","decl":{"start":{"line":11,"column":32},"end":{"line":11,"column":39}},"loc":{"start":{"line":11,"column":65},"end":{"line":17,"column":null}},"line":11},"2":{"name":"(anonymous_2)","decl":{"start":{"line":19,"column":35},"end":{"line":19,"column":42}},"loc":{"start":{"line":19,"column":75},"end":{"line":25,"column":null}},"line":19},"3":{"name":"(anonymous_3)","decl":{"start":{"line":27,"column":35},"end":{"line":27,"column":42}},"loc":{"start":{"line":27,"column":66},"end":{"line":32,"column":null}},"line":27},"4":{"name":"(anonymous_4)","decl":{"start":{"line":34,"column":43},"end":{"line":34,"column":55}},"loc":{"start":{"line":34,"column":55},"end":{"line":37,"column":null}},"line":34}},"branchMap":{},"s":{"0":2,"1":2,"2":2,"3":2,"4":0,"5":0,"6":2,"7":0,"8":0,"9":2,"10":0,"11":0,"12":2,"13":0,"14":0},"f":{"0":2,"1":0,"2":0,"3":0,"4":0},"b":{},"meta":{"lastBranch":0,"lastFunction":5,"lastStatement":15,"seen":{"s:4:33:9:Infinity":0,"f:4:33:4:40":0,"s:5:19:7:Infinity":1,"s:8:2:8:Infinity":2,"s:11:32:17:Infinity":3,"f:11:32:11:39":1,"s:12:19:15:Infinity":4,"s:16:2:16:Infinity":5,"s:19:35:25:Infinity":6,"f:19:35:19:42":2,"s:20:19:23:Infinity":7,"s:24:2:24:Infinity":8,"s:27:35:32:Infinity":9,"f:27:35:27:42":3,"s:28:19:30:Infinity":10,"s:31:2:31:Infinity":11,"s:34:43:37:Infinity":12,"f:34:43:34:55":4,"s:35:19:35:Infinity":13,"s:36:2:36:Infinity":14},"fnNames":{}}}
,"D:\\Evolware\\New folder\\konkantrip-frontend\\src\\features\\properties\\api\\propertyLocations.api.js": {"path":"D:\\Evolware\\New folder\\konkantrip-frontend\\src\\features\\properties\\api\\propertyLocations.api.js","statementMap":{"0":{"start":{"line":4,"column":35},"end":{"line":10,"column":null}},"1":{"start":{"line":5,"column":19},"end":{"line":7,"column":null}},"2":{"start":{"line":9,"column":2},"end":{"line":9,"column":null}},"3":{"start":{"line":12,"column":38},"end":{"line":19,"column":null}},"4":{"start":{"line":13,"column":19},"end":{"line":16,"column":null}},"5":{"start":{"line":18,"column":2},"end":{"line":18,"column":null}},"6":{"start":{"line":21,"column":38},"end":{"line":28,"column":null}},"7":{"start":{"line":22,"column":19},"end":{"line":25,"column":null}},"8":{"start":{"line":27,"column":2},"end":{"line":27,"column":null}}},"fnMap":{"0":{"name":"(anonymous_0)","decl":{"start":{"line":4,"column":35},"end":{"line":4,"column":42}},"loc":{"start":{"line":4,"column":57},"end":{"line":10,"column":null}},"line":4},"1":{"name":"(anonymous_1)","decl":{"start":{"line":12,"column":38},"end":{"line":12,"column":45}},"loc":{"start":{"line":12,"column":69},"end":{"line":19,"column":null}},"line":12},"2":{"name":"(anonymous_2)","decl":{"start":{"line":21,"column":38},"end":{"line":21,"column":45}},"loc":{"start":{"line":21,"column":69},"end":{"line":28,"column":null}},"line":21}},"branchMap":{},"s":{"0":2,"1":3,"2":0,"3":2,"4":0,"5":0,"6":2,"7":0,"8":0},"f":{"0":3,"1":0,"2":0},"b":{},"meta":{"lastBranch":0,"lastFunction":3,"lastStatement":9,"seen":{"s:4:35:10:Infinity":0,"f:4:35:4:42":0,"s:5:19:7:Infinity":1,"s:9:2:9:Infinity":2,"s:12:38:19:Infinity":3,"f:12:38:12:45":1,"s:13:19:16:Infinity":4,"s:18:2:18:Infinity":5,"s:21:38:28:Infinity":6,"f:21:38:21:45":2,"s:22:19:25:Infinity":7,"s:27:2:27:Infinity":8},"fnNames":{}}}
,"D:\\Evolware\\New folder\\konkantrip-frontend\\src\\features\\properties\\api\\propertyPolicies.api.js": {"path":"D:\\Evolware\\New folder\\konkantrip-frontend\\src\\features\\properties\\api\\propertyPolicies.api.js","statementMap":{"0":{"start":{"line":4,"column":35},"end":{"line":9,"column":null}},"1":{"start":{"line":5,"column":19},"end":{"line":7,"column":null}},"2":{"start":{"line":8,"column":2},"end":{"line":8,"column":null}},"3":{"start":{"line":11,"column":36},"end":{"line":17,"column":null}},"4":{"start":{"line":12,"column":19},"end":{"line":15,"column":null}},"5":{"start":{"line":16,"column":2},"end":{"line":16,"column":null}}},"fnMap":{"0":{"name":"(anonymous_0)","decl":{"start":{"line":4,"column":35},"end":{"line":4,"column":42}},"loc":{"start":{"line":4,"column":57},"end":{"line":9,"column":null}},"line":4},"1":{"name":"(anonymous_1)","decl":{"start":{"line":11,"column":36},"end":{"line":11,"column":43}},"loc":{"start":{"line":11,"column":67},"end":{"line":17,"column":null}},"line":11}},"branchMap":{},"s":{"0":2,"1":3,"2":0,"3":2,"4":0,"5":0},"f":{"0":3,"1":0},"b":{},"meta":{"lastBranch":0,"lastFunction":2,"lastStatement":6,"seen":{"s:4:35:9:Infinity":0,"f:4:35:4:42":0,"s:5:19:7:Infinity":1,"s:8:2:8:Infinity":2,"s:11:36:17:Infinity":3,"f:11:36:11:43":1,"s:12:19:15:Infinity":4,"s:16:2:16:Infinity":5},"fnNames":{}}}
,"D:\\Evolware\\New folder\\konkantrip-frontend\\src\\features\\properties\\components\\property-wizard\\PropertyWizard.jsx": {"path":"D:\\Evolware\\New folder\\konkantrip-frontend\\src\\features\\properties\\components\\property-wizard\\PropertyWizard.jsx","statementMap":{"0":{"start":{"line":3,"column":21},"end":{"line":36,"column":null}},"1":{"start":{"line":39,"column":2},"end":{"line":106,"column":null}},"2":{"start":{"line":44,"column":32},"end":{"line":44,"column":null}},"3":{"start":{"line":45,"column":30},"end":{"line":45,"column":null}},"4":{"start":{"line":48,"column":14},"end":{"line":48,"column":null}},"5":{"start":{"line":50,"column":12},"end":{"line":101,"column":null}}},"fnMap":{"0":{"name":"WizardProgress","decl":{"start":{"line":38,"column":9},"end":{"line":38,"column":24}},"loc":{"start":{"line":38,"column":45},"end":{"line":108,"column":null}},"line":38},"1":{"name":"(anonymous_1)","decl":{"start":{"line":43,"column":24},"end":{"line":43,"column":29}},"loc":{"start":{"line":43,"column":45},"end":{"line":103,"column":11}},"line":43}},"branchMap":{"0":{"loc":{"start":{"line":38,"column":26},"end":{"line":38,"column":45}},"type":"default-arg","locations":[{"start":{"line":38,"column":40},"end":{"line":38,"column":45}}],"line":38},"1":{"loc":{"start":{"line":60,"column":22},"end":{"line":62,"column":null}},"type":"cond-expr","locations":[{"start":{"line":61,"column":26},"end":{"line":61,"column":null}},{"start":{"line":62,"column":26},"end":{"line":62,"column":null}}],"line":60},"2":{"loc":{"start":{"line":63,"column":22},"end":{"line":65,"column":null}},"type":"cond-expr","locations":[{"start":{"line":64,"column":26},"end":{"line":64,"column":null}},{"start":{"line":65,"column":26},"end":{"line":65,"column":null}}],"line":63},"3":{"loc":{"start":{"line":66,"column":22},"end":{"line":68,"column":null}},"type":"cond-expr","locations":[{"start":{"line":67,"column":26},"end":{"line":67,"column":null}},{"start":{"line":68,"column":26},"end":{"line":68,"column":null}}],"line":66},"4":{"loc":{"start":{"line":66,"column":22},"end":{"line":66,"column":null}},"type":"binary-expr","locations":[{"start":{"line":66,"column":22},"end":{"line":66,"column":38}},{"start":{"line":66,"column":38},"end":{"line":66,"column":null}}],"line":66},"5":{"loc":{"start":{"line":71,"column":21},"end":{"line":74,"column":null}},"type":"cond-expr","locations":[{"start":{"line":72,"column":22},"end":{"line":74,"column":27}},{"start":{"line":74,"column":22},"end":{"line":74,"column":null}}],"line":71},"6":{"loc":{"start":{"line":81,"column":22},"end":{"line":83,"column":null}},"type":"cond-expr","locations":[{"start":{"line":82,"column":26},"end":{"line":82,"column":null}},{"start":{"line":83,"column":26},"end":{"line":83,"column":null}}],"line":81},"7":{"loc":{"start":{"line":81,"column":22},"end":{"line":81,"column":null}},"type":"binary-expr","locations":[{"start":{"line":81,"column":22},"end":{"line":81,"column":37}},{"start":{"line":81,"column":37},"end":{"line":81,"column":null}}],"line":81},"8":{"loc":{"start":{"line":91,"column":17},"end":{"line":101,"column":null}},"type":"binary-expr","locations":[{"start":{"line":91,"column":17},"end":{"line":91,"column":null}},{"start":{"line":92,"column":18},"end":{"line":101,"column":null}}],"line":91},"9":{"loc":{"start":{"line":95,"column":22},"end":{"line":97,"column":null}},"type":"cond-expr","locations":[{"start":{"line":96,"column":26},"end":{"line":96,"column":null}},{"start":{"line":97,"column":26},"end":{"line":97,"column":null}}],"line":95}},"s":{"0":0,"1":0,"2":0,"3":0,"4":0,"5":0},"f":{"0":0,"1":0},"b":{"0":[0],"1":[0,0],"2":[0,0],"3":[0,0],"4":[0,0],"5":[0,0],"6":[0,0],"7":[0,0],"8":[0,0],"9":[0,0]},"meta":{"lastBranch":10,"lastFunction":2,"lastStatement":6,"seen":{"s:3:21:36:Infinity":0,"f:38:9:38:24":0,"b:38:40:38:45":0,"s:39:2:106:Infinity":1,"f:43:24:43:29":1,"s:44:32:44:Infinity":2,"s:45:30:45:Infinity":3,"s:48:14:48:Infinity":4,"s:50:12:101:Infinity":5,"b:61:26:61:Infinity:62:26:62:Infinity":1,"b:64:26:64:Infinity:65:26:65:Infinity":2,"b:67:26:67:Infinity:68:26:68:Infinity":3,"b:66:22:66:38:66:38:66:Infinity":4,"b:72:22:74:27:74:22:74:Infinity":5,"b:82:26:82:Infinity:83:26:83:Infinity":6,"b:81:22:81:37:81:37:81:Infinity":7,"b:91:17:91:Infinity:92:18:101:Infinity":8,"b:96:26:96:Infinity:97:26:97:Infinity":9},"fnNames":{}}}
[...]
nymous_15)","decl":{"start":{"line":216,"column":18},"end":{"line":216,"column":33}},"loc":{"start":{"line":216,"column":33},"end":{"line":216,"column":null}},"line":216}},"branchMap":{"0":{"loc":{"start":{"line":45,"column":20},"end":{"line":45,"column":null}},"type":"binary-expr","locations":[{"start":{"line":45,"column":20},"end":{"line":45,"column":41}},{"start":{"line":45,"column":41},"end":{"line":45,"column":null}}],"line":45},"1":{"loc":{"start":{"line":46,"column":19},"end":{"line":46,"column":null}},"type":"binary-expr","locations":[{"start":{"line":46,"column":19},"end":{"line":46,"column":39}},{"start":{"line":46,"column":39},"end":{"line":46,"column":null}}],"line":46},"2":{"loc":{"start":{"line":47,"column":19},"end":{"line":47,"column":null}},"type":"binary-expr","locations":[{"start":{"line":47,"column":19},"end":{"line":47,"column":82}},{"start":{"line":47,"column":82},"end":{"line":47,"column":null}}],"line":47},"3":{"loc":{"start":{"line":63,"column":23},"end":{"line":63,"column":65}},"type":"cond-expr","locations":[{"start":{"line":63,"column":37},"end":{"line":63,"column":63}},{"start":{"line":63,"column":63},"end":{"line":63,"column":65}}],"line":63},"4":{"loc":{"start":{"line":69,"column":6},"end":{"line":71,"column":null}},"type":"if","locations":[{"start":{"line":69,"column":6},"end":{"line":71,"column":null}},{"start":{},"end":{}}],"line":69},"5":{"loc":{"start":{"line":69,"column":10},"end":{"line":69,"column":78}},"type":"binary-expr","locations":[{"start":{"line":69,"column":10},"end":{"line":69,"column":33}},{"start":{"line":69,"column":33},"end":{"line":69,"column":78}}],"line":69},"6":{"loc":{"start":{"line":112,"column":14},"end":{"line":114,"column":null}},"type":"cond-expr","locations":[{"start":{"line":113,"column":18},"end":{"line":113,"column":null}},{"start":{"line":114,"column":18},"end":{"line":114,"column":null}}],"line":112},"7":{"loc":{"start":{"line":121,"column":13},"end":{"line":126,"column":null}},"type":"binary-expr","locations":[{"start":{"line":121,"column":13},"end":{"line":121,"column":null}},{"start":{"line":122,"column":14},"end":{"line":126,"column":null}}],"line":121},"8":{"loc":{"start":{"line":129,"column":11},"end":{"line":224,"column":null}},"type":"binary-expr","locations":[{"start":{"line":129,"column":11},"end":{"line":129,"column":null}},{"start":{"line":130,"column":12},"end":{"line":224,"column":null}}],"line":129},"9":{"loc":{"start":{"line":138,"column":19},"end":{"line":143,"column":null}},"type":"binary-expr","locations":[{"start":{"line":138,"column":19},"end":{"line":138,"column":null}},{"start":{"line":139,"column":20},"end":{"line":143,"column":null}}],"line":138},"10":{"loc":{"start":{"line":145,"column":17},"end":{"line":155,"column":null}},"type":"binary-expr","locations":[{"start":{"line":145,"column":17},"end":{"line":145,"column":null}},{"start":{"line":146,"column":18},"end":{"line":155,"column":null}}],"line":145},"11":{"loc":{"start":{"line":159,"column":17},"end":{"line":208,"column":null}},"type":"cond-expr","locations":[{"start":{"line":160,"column":18},"end":{"line":164,"column":32}},{"start":{"line":164,"column":18},"end":{"line":208,"column":null}}],"line":159},"12":{"loc":{"start":{"line":170,"column":24},"end":{"line":170,"column":null}},"type":"cond-expr","locations":[{"start":{"line":170,"column":38},"end":{"line":170,"column":59}},{"start":{"line":170,"column":59},"end":{"line":170,"column":null}}],"line":170},"13":{"loc":{"start":{"line":175,"column":27},"end":{"line":178,"column":null}},"type":"cond-expr","locations":[{"start":{"line":176,"column":28},"end":{"line":178,"column":29}},{"start":{"line":178,"column":28},"end":{"line":178,"column":null}}],"line":175},"14":{"loc":{"start":{"line":187,"column":32},"end":{"line":187,"column":null}},"type":"cond-expr","locations":[{"start":{"line":187,"column":46},"end":{"line":187,"column":75}},{"start":{"line":187,"column":75},"end":{"line":187,"column":null}}],"line":187},"15":{"loc":{"start":{"line":203,"column":25},"end":{"line":204,"column":null}},"type":"binary-expr","locations":[{"start":{"line":203,"column":25},"end":{"line":203,"column":null}},{"start":{"line":204,"column":26},"end":{"line":204,"column":null}}],"line":203},"16":{"loc":{"start":{"line":235,"column":13},"end":{"line":235,"column":null}},"type":"cond-expr","locations":[{"start":{"line":235,"column":24},"end":{"line":235,"column":35}},{"start":{"line":235,"column":35},"end":{"line":235,"column":null}}],"line":235}},"s":{"0":0,"1":0,"2":0,"3":0,"4":0,"5":0,"6":0,"7":0,"8":0,"9":0,"10":0,"11":0,"12":0,"13":0,"14":0,"15":0,"16":0,"17":0,"18":0,"19":0,"20":0,"21":0,"22":0,"23":0,"24":0,"25":0,"26":0,"27":0,"28":0,"29":0,"30":0,"31":0},"f":{"0":0,"1":0,"2":0,"3":0,"4":0,"5":0,"6":0,"7":0,"8":0,"9":0,"10":0,"11":0,"12":0,"13":0,"14":0,"15":0},"b":{"0":[0,0],"1":[0,0],"2":[0,0],"3":[0,0],"4":[0,0],"5":[0,0],"6":[0,0],"7":[0,0],"8":[0,0],"9":[0,0],"10":[0,0],"11":[0,0],"12":[0,0],"13":[0,0],"14":[0,0],"15":[0,0],"16":[0,0]},"meta":{"lastBranch":17,"lastFunction":16,"lastStatement":32,"seen":{"s:15:30:40:Infinity":0,"f:42:9:42:21":0,"s:43:16:43:Infinity":1,"s:45:20:45:Infinity":2,"b:45:20:45:41:45:41:45:Infinity":0,"s:46:19:46:Infinity":3,"b:46:19:46:39:46:39:46:Infinity":1,"s:47:19:47:Infinity":4,"b:47:19:47:82:47:82:47:Infinity":2,"s:49:30:49:Infinity":5,"s:50:44:50:Infinity":6,"s:51:22:51:Infinity":7,"s:53:22:53:Infinity":8,"f:53:36:53:44":1,"s:53:50:53:58":9,"s:55:8:55:Infinity":10,"f:55:8:55:31":2,"s:55:31:55:Infinity":11,"f:55:31:55:42":3,"s:55:51:55:56":12,"s:57:8:59:Infinity":13,"f:57:8:57:30":4,"s:58:4:58:Infinity":14,"f:58:4:58:22":5,"s:58:31:58:73":15,"f:58:36:58:41":6,"s:58:48:58:72":16,"s:61:8:65:Infinity":17,"f:61:8:61:22":7,"s:62:4:64:Infinity":18,"f:62:4:62:22":8,"s:63:6:63:Infinity":19,"f:63:11:63:16":9,"s:63:23:63:65":20,"b:63:37:63:63:63:63:63:65":3,"s:67:2:75:Infinity":21,"f:67:2:67:18":10,"s:68:10:72:Infinity":22,"f:68:10:68:32":11,"b:69:6:71:Infinity:undefined:undefined:undefined:undefined":4,"s:69:6:71:Infinity":23,"b:69:10:69:33:69:33:69:78":5,"s:70:8:70:Infinity":24,"s:73:4:73:Infinity":25,"s:74:4:74:Infinity":26,"f:74:4:74:17":12,"s:74:17:74:Infinity":27,"s:77:2:249:Infinity":28,"b:113:18:113:Infinity:114:18:114:Infinity":6,"b:121:13:121:Infinity:122:14:126:Infinity":7,"b:129:11:129:Infinity:130:12:224:Infinity":8,"b:138:19:138:Infinity:139:20:143:Infinity":9,"b:145:17:145:Infinity:146:18:155:Infinity":10,"b:160:18:164:32:164:18:208:Infinity":11,"f:164:32:164:37":13,"s:165:20:207:Infinity":29,"f:167:22:167:37":14,"s:167:37:167:Infinity":30,"b:170:38:170:59:170:59:170:Infinity":12,"b:176:28:178:29:178:28:178:Infinity":13,"b:187:46:187:75:187:75:187:Infinity":14,"b:203:25:203:Infinity:204:26:204:Infinity":15,"f:216:18:216:33":15,"s:216:33:216:Infinity":31,"b:235:24:235:35:235:35:235:Infinity":16},"fnNames":{}}}
,"D:\\Evolware\\New folder\\konkantrip-frontend\\src\\layouts\\OwnerLayout\\components\\OwnerSidebar.jsx": {"path":"D:\\Evolware\\New folder\\konkantrip-frontend\\src\\layouts\\OwnerLayout\\components\\OwnerSidebar.jsx","statementMap":{"0":{"start":{"line":14,"column":24},"end":{"line":60,"column":null}},"1":{"start":{"line":63,"column":2},"end":{"line":116,"column":null}},"2":{"start":{"line":86,"column":25},"end":{"line":86,"column":null}},"3":{"start":{"line":88,"column":12},"end":{"line":104,"column":null}},"4":{"start":{"line":93,"column":18},"end":{"line":98,"column":null}}},"fnMap":{"0":{"name":"OwnerSidebar","decl":{"start":{"line":62,"column":9},"end":{"line":62,"column":24}},"loc":{"start":{"line":62,"column":24},"end":{"line":118,"column":null}},"line":62},"1":{"name":"(anonymous_1)","decl":{"start":{"line":85,"column":27},"end":{"line":85,"column":32}},"loc":{"start":{"line":85,"column":41},"end":{"line":106,"column":11}},"line":85},"2":{"name":"(anonymous_2)","decl":{"start":{"line":92,"column":16},"end":{"line":92,"column":28}},"loc":{"start":{"line":93,"column":18},"end":{"line":98,"column":null}},"line":93}},"branchMap":{"0":{"loc":{"start":{"line":95,"column":20},"end":{"line":97,"column":null}},"type":"cond-expr","locations":[{"start":{"line":96,"column":24},"end":{"line":96,"column":null}},{"start":{"line":97,"column":24},"end":{"line":97,"column":null}}],"line":95}},"s":{"0":0,"1":0,"2":0,"3":0,"4":0},"f":{"0":0,"1":0,"2":0},"b":{"0":[0,0]},"meta":{"lastBranch":1,"lastFunction":3,"lastStatement":5,"seen":{"s:14:24:60:Infinity":0,"f:62:9:62:24":0,"s:63:2:116:Infinity":1,"f:85:27:85:32":1,"s:86:25:86:Infinity":2,"s:88:12:104:Infinity":3,"f:92:16:92:28":2,"s:93:18:98:Infinity":4,"b:96:24:96:Infinity:97:24:97:Infinity":0},"fnNames":{}}}
,"D:\\Evolware\\New folder\\konkantrip-frontend\\src\\services\\apiClient.js": {"path":"D:\\Evolware\\New folder\\konkantrip-frontend\\src\\services\\apiClient.js","statementMap":{"0":{"start":{"line":4,"column":18},"end":{"line":12,"column":null}},"1":{"start":{"line":14,"column":0},"end":{"line":27,"column":null}},"2":{"start":{"line":16,"column":18},"end":{"line":16,"column":27}},"3":{"start":{"line":18,"column":4},"end":{"line":20,"column":null}},"4":{"start":{"line":19,"column":6},"end":{"line":19,"column":null}},"5":{"start":{"line":22,"column":4},"end":{"line":22,"column":null}},"6":{"start":{"line":25,"column":4},"end":{"line":25,"column":null}}},"fnMap":{"0":{"name":"(anonymous_0)","decl":{"start":{"line":14,"column":31},"end":{"line":14,"column":null}},"loc":{"start":{"line":15,"column":14},"end":{"line":23,"column":null}},"line":15},"1":{"name":"(anonymous_1)","decl":{"start":{"line":23,"column":2},"end":{"line":23,"column":null}},"loc":{"start":{"line":24,"column":13},"end":{"line":26,"column":null}},"line":24}},"branchMap":{"0":{"loc":{"start":{"line":6,"column":4},"end":{"line":7,"column":null}},"type":"binary-expr","locations":[{"start":{"line":6,"column":4},"end":{"line":6,"column":null}},{"start":{"line":7,"column":4},"end":{"line":7,"column":null}}],"line":6},"1":{"loc":{"start":{"line":18,"column":4},"end":{"line":20,"column":null}},"type":"if","locations":[{"start":{"line":18,"column":4},"end":{"line":20,"column":null}},{"start":{},"end":{}}],"line":18}},"s":{"0":4,"1":4,"2":22,"3":22,"4":1,"5":22,"6":0},"f":{"0":22,"1":0},"b":{"0":[4,0],"1":[1,21]},"meta":{"lastBranch":2,"lastFunction":2,"lastStatement":7,"seen":{"s:4:18:12:Infinity":0,"b:6:4:6:Infinity:7:4:7:Infinity":0,"s:14:0:27:Infinity":1,"f:14:31:14:Infinity":0,"s:16:18:16:27":2,"b:18:4:20:Infinity:undefined:undefined:undefined:undefined":1,"s:18:4:20:Infinity":3,"s:19:6:19:Infinity":4,"s:22:4:22:Infinity":5,"f:23:2:23:Infinity":1,"s:25:4:25:Infinity":6},"fnNames":{}}}
,"D:\\Evolware\\New folder\\konkantrip-frontend\\src\\services\\apiEndpoints.js": {"path":"D:\\Evolware\\New folder\\konkantrip-frontend\\src\\services\\apiEndpoints.js","statementMap":{"0":{"start":{"line":1,"column":29},"end":{"line":54,"column":null}},"1":{"start":{"line":13,"column":20},"end":{"line":13,"column":null}},"2":{"start":{"line":15,"column":6},"end":{"line":15,"column":null}},"3":{"start":{"line":17,"column":6},"end":{"line":17,"column":null}},"4":{"start":{"line":19,"column":6},"end":{"line":19,"column":null}},"5":{"start":{"line":21,"column":6},"end":{"line":21,"column":null}},"6":{"start":{"line":23,"column":6},"end":{"line":23,"column":null}},"7":{"start":{"line":25,"column":6},"end":{"line":25,"column":null}},"8":{"start":{"line":27,"column":6},"end":{"line":27,"column":null}},"9":{"start":{"line":29,"column":6},"end":{"line":29,"column":null}},"10":{"start":{"line":31,"column":6},"end":{"line":31,"column":null}},"11":{"start":{"line":36,"column":20},"end":{"line":36,"column":null}},"12":{"start":{"line":37,"column":36},"end":{"line":37,"column":null}},"13":{"start":{"line":42,"column":40},"end":{"line":42,"column":null}}},"fnMap":{"0":{"name":"(anonymous_0)","decl":{"start":{"line":13,"column":4},"end":{"line":13,"column":13}},"loc":{"start":{"line":13,"column":20},"end":{"line":13,"column":null}},"line":13},"1":{"name":"(anonymous_1)","decl":{"start":{"line":14,"column":4},"end":{"line":14,"column":15}},"loc":{"start":{"line":15,"column":6},"end":{"line":15,"column":null}},"line":15},"2":{"name":"(anonymous_2)","decl":{"start":{"line":16,"column":4},"end":{"line":16,"column":15}},"loc":{"start":{"line":17,"column":6},"end":{"line":17,"column":null}},"line":17},"3":{"name":"(anonymous_3)","decl":{"start":{"line":18,"column":4},"end":{"line":18,"column":21}},"loc":{"start":{"line":19,"column":6},"end":{"line":19,"column":null}},"line":19},"4":{"name":"(anonymous_4)","decl":{"start":{"line":20,"column":4},"end":{"line":20,"column":16}},"loc":{"start":{"line":21,"column":6},"end":{"line":21,"column":null}},"line":21},"5":{"name":"(anonymous_5)","decl":{"start":{"line":22,"column":4},"end":{"line":22,"column":13}},"loc":{"start":{"line":23,"column":6},"end":{"line":23,"column":null}},"line":23},"6":{"name":"(anonymous_6)","decl":{"start":{"line":24,"column":4},"end":{"line":24,"column":19}},"loc":{"start":{"line":25,"column":6},"end":{"line":25,"column":null}},"line":25},"7":{"name":"(anonymous_7)","decl":{"start":{"line":26,"column":4},"end":{"line":26,"column":15}},"loc":{"start":{"line":27,"column":6},"end":{"line":27,"column":null}},"line":27},"8":{"name":"(anonymous_8)","decl":{"start":{"line":28,"column":4},"end":{"line":28,"column":16}},"loc":{"start":{"line":29,"column":6},"end":{"line":29,"column":null}},"line":29},"9":{"name":"(anonymous_9)","decl":{"start":{"line":30,"column":4},"end":{"line":30,"column":22}},"loc":{"start":{"line":31,"column":6},"end":{"line":31,"column":null}},"line":31},"10":{"name":"(anonymous_10)","decl":{"start":{"line":36,"column":4},"end":{"line":36,"column":13}},"loc":{"start":{"line":36,"column":20},"end":{"line":36,"column":null}},"line":36},"11":{"name":"(anonymous_11)","decl":{"start":{"line":37,"column":4},"end":{"line":37,"column":21}},"loc":{"start":{"line":37,"column":36},"end":{"line":37,"column":null}},"line":37},"12":{"name":"(anonymous_12)","decl":{"start":{"line":42,"column":4},"end":{"line":42,"column":25}},"loc":{"start":{"line":42,"column":40},"end":{"line":42,"column":null}},"line":42}},"branchMap":{},"s":{"0":4,"1":4,"2":3,"3":4,"4":0,"5":3,"6":2,"7":0,"8":3,"9":2,"10":0,"11":0,"12":0,"13":0},"f":{"0":4,"1":3,"2":4,"3":0,"4":3,"5":2,"6":0,"7":3,"8":2,"9":0,"10":0,"11":0,"12":0},"b":{},"meta":{"lastBranch":0,"lastFunction":13,"lastStatement":14,"seen":{"s:1:29:54:Infinity":0,"f:13:4:13:13":0,"s:13:20:13:Infinity":1,"f:14:4:14:15":1,"s:15:6:15:Infinity":2,"f:16:4:16:15":2,"s:17:6:17:Infinity":3,"f:18:4:18:21":3,"s:19:6:19:Infinity":4,"f:20:4:20:16":4,"s:21:6:21:Infinity":5,"f:22:4:22:13":5,"s:23:6:23:Infinity":6,"f:24:4:24:19":6,"s:25:6:25:Infinity":7,"f:26:4:26:15":7,"s:27:6:27:Infinity":8,"f:28:4:28:16":8,"s:29:6:29:Infinity":9,"f:30:4:30:22":9,"s:31:6:31:Infinity":10,"f:36:4:36:13":10,"s:36:20:36:Infinity":11,"f:37:4:37:21":11,"s:37:36:37:Infinity":12,"f:42:4:42:25":12,"s:42:40:42:Infinity":13},"fnNames":{}}}
,"D:\\Evolware\\New folder\\konkantrip-frontend\\src\\services\\storage.service.js": {"path":"D:\\Evolware\\New folder\\konkantrip-frontend\\src\\services\\storage.service.js","statementMap":{"0":{"start":{"line":1,"column":26},"end":{"line":1,"column":null}},"1":{"start":{"line":3,"column":23},"end":{"line":33,"column":null}},"2":{"start":{"line":5,"column":24},"end":{"line":5,"column":null}},"3":{"start":{"line":7,"column":4},"end":{"line":9,"column":null}},"4":{"start":{"line":8,"column":6},"end":{"line":8,"column":null}},"5":{"start":{"line":11,"column":4},"end":{"line":16,"column":null}},"6":{"start":{"line":12,"column":6},"end":{"line":12,"column":null}},"7":{"start":{"line":14,"column":6},"end":{"line":14,"column":null}},"8":{"start":{"line":15,"column":6},"end":{"line":15,"column":null}},"9":{"start":{"line":20,"column":4},"end":{"line":23,"column":null}},"10":{"start":{"line":27,"column":4},"end":{"line":27,"column":null}},"11":{"start":{"line":31,"column":4},"end":{"line":31,"column":null}}},"fnMap":{"0":{"name":"getOwner","decl":{"start":{"line":4,"column":2},"end":{"line":4,"column":13}},"loc":{"start":{"line":4,"column":13},"end":{"line":17,"column":null}},"line":4},"1":{"name":"setOwner","decl":{"start":{"line":19,"column":2},"end":{"line":19,"column":11}},"loc":{"start":{"line":19,"column":18},"end":{"line":24,"column":null}},"line":19},"2":{"name":"removeOwner","decl":{"start":{"line":26,"column":2},"end":{"line":26,"column":16}},"loc":{"start":{"line":26,"column":16},"end":{"line":28,"column":null}},"line":26},"3":{"name":"clearAuthStorage","decl":{"start":{"line":30,"column":2},"end":{"line":30,"column":21}},"loc":{"start":{"line":30,"column":21},"end":{"line":32,"column":null}},"line":30}},"branchMap":{"0":{"loc":{"start":{"line":7,"column":4},"end":{"line":9,"column":null}},"type":"if","locations":[{"start":{"line":7,"column":4},"end":{"line":9,"column":null}},{"start":{},"end":{}}],"line":7}},"s":{"0":2,"1":2,"2":4,"3":4,"4":2,"5":2,"6":2,"7":0,"8":0,"9":3,"10":4,"11":0},"f":{"0":4,"1":3,"2":4,"3":0},"b":{"0":[2,2]},"meta":{"lastBranch":1,"lastFunction":4,"lastStatement":12,"seen":{"s:1:26:1:Infinity":0,"s:3:23:33:Infinity":1,"f:4:2:4:13":0,"s:5:24:5:Infinity":2,"b:7:4:9:Infinity:undefined:undefined:undefined:undefined":0,"s:7:4:9:Infinity":3,"s:8:6:8:Infinity":4,"s:11:4:16:Infinity":5,"s:12:6:12:Infinity":6,"s:14:6:14:Infinity":7,"s:15:6:15:Infinity":8,"f:19:2:19:11":1,"s:20:4:23:Infinity":9,"f:26:2:26:16":2,"s:27:4:27:Infinity":10,"f:30:2:30:21":3,"s:31:4:31:Infinity":11},"fnNames":{}}}
,"D:\\Evolware\\New folder\\konkantrip-frontend\\src\\services\\token.service.js": {"path":"D:\\Evolware\\New folder\\konkantrip-frontend\\src\\services\\token.service.js","statementMap":{"0":{"start":{"line":1,"column":18},"end":{"line":1,"column":null}},"1":{"start":{"line":3,"column":6},"end":{"line":5,"column":null}},"2":{"start":{"line":4,"column":2},"end":{"line":4,"column":null}},"3":{"start":{"line":7,"column":6},"end":{"line":13,"column":null}},"4":{"start":{"line":8,"column":2},"end":{"line":10,"column":null}},"5":{"start":{"line":9,"column":4},"end":{"line":9,"column":null}},"6":{"start":{"line":12,"column":2},"end":{"line":12,"column":null}},"7":{"start":{"line":15,"column":6},"end":{"line":17,"column":null}},"8":{"start":{"line":16,"column":2},"end":{"line":16,"column":null}},"9":{"start":{"line":19,"column":6},"end":{"line":21,"column":null}},"10":{"start":{"line":20,"column":2},"end":{"line":20,"column":null}}},"fnMap":{"0":{"name":"(anonymous_0)","decl":{"start":{"line":3,"column":6},"end":{"line":3,"column":23}},"loc":{"start":{"line":3,"column":23},"end":{"line":5,"column":null}},"line":3},"1":{"name":"(anonymous_1)","decl":{"start":{"line":7,"column":6},"end":{"line":7,"column":18}},"loc":{"start":{"line":7,"column":28},"end":{"line":13,"column":null}},"line":7},"2":{"name":"(anonymous_2)","decl":{"start":{"line":15,"column":6},"end":{"line":15,"column":26}},"loc":{"start":{"line":15,"column":26},"end":{"line":17,"column":null}},"line":15},"3":{"name":"(anonymous_3)","decl":{"start":{"line":19,"column":6},"end":{"line":19,"column":23}},"loc":{"start":{"line":19,"column":23},"end":{"line":21,"column":null}},"line":19}},"branchMap":{"0":{"loc":{"start":{"line":8,"column":2},"end":{"line":10,"column":null}},"type":"if","locations":[{"start":{"line":8,"column":2},"end":{"line":10,"column":null}},{"start":{},"end":{}}],"line":8}},"s":{"0":7,"1":7,"2":29,"3":7,"4":5,"5":0,"6":5,"7":7,"8":14,"9":7,"10":5},"f":{"0":29,"1":5,"2":14,"3":5},"b":{"0":[0,5]},"meta":{"lastBranch":1,"lastFunction":4,"lastStatement":11,"seen":{"s:1:18:1:Infinity":0,"s:3:6:5:Infinity":1,"f:3:6:3:23":0,"s:4:2:4:Infinity":2,"s:7:6:13:Infinity":3,"f:7:6:7:18":1,"b:8:2:10:Infinity:undefined:undefined:undefined:undefined":0,"s:8:2:10:Infinity":4,"s:9:4:9:Infinity":5,"s:12:2:12:Infinity":6,"s:15:6:17:Infinity":7,"f:15:6:15:26":2,"s:16:2:16:Infinity":8,"s:19:6:21:Infinity":9,"f:19:6:19:23":3,"s:20:2:20:Infinity":10},"fnNames":{}}}
}
